<?xml version="1.0" encoding="UTF-8"?>
<robot generator="Robot 7.1.1 (Python 3.12.6 on win32)" generated="2024-12-13T11:59:37.709513" rpa="false" schemaversion="5">
<suite id="s1" name="Update" source="C:\Users\arbi.benzarti\PycharmProjects\SIT GUI AUTOMATION\tests\PP\Master_Data\Update">
<suite id="s1-s1" name="MD PP 0027" source="C:\Users\arbi.benzarti\PycharmProjects\SIT GUI AUTOMATION\tests\PP\Master_Data\Update\MD_PP_0027.robot">
<test id="s1-s1-t1" name="Update Materials Description" line="28">
<kw name="Connect to Running SAP" owner="RoboSAPiens">
<msg time="2024-12-13T11:59:39.296778" level="INFO">Connected to a running SAP instance.</msg>
<doc>Connect to a running SAP instance and take control of it.</doc>
<status status="PASS" start="2024-12-13T11:59:38.097182" elapsed="1.199596"/>
</kw>
<kw name="Evaluate" owner="BuiltIn">
<msg time="2024-12-13T11:59:39.297865" level="INFO">${count} = 5</msg>
<var>${count}</var>
<arg>len(${MATERIALS})</arg>
<doc>Evaluates the given expression in Python and returns the result.</doc>
<status status="PASS" start="2024-12-13T11:59:39.297865" elapsed="0.000000"/>
</kw>
<for flavor="IN RANGE">
<iter>
<kw name="Update Material Description">
<kw name="Execute Transaction" owner="RoboSAPiens">
<msg time="2024-12-13T11:59:39.450398" level="INFO">The transaction with T-Code MM02 was executed.</msg>
<arg>MM02</arg>
<doc>Execute the transaction with the given T-Code.</doc>
<status status="PASS" start="2024-12-13T11:59:39.299001" elapsed="0.151397"/>
</kw>
<kw name="Fill Text Field" owner="RoboSAPiens">
<msg time="2024-12-13T11:59:40.066146" level="INFO">The text field with the locator 'Material' was filled.</msg>
<arg>Material</arg>
<arg>${Material}</arg>
<doc>Fill the text field specified by the locator with the content provided.</doc>
<status status="PASS" start="2024-12-13T11:59:39.450398" elapsed="0.615748"/>
</kw>
<kw name="Push Button" owner="RoboSAPiens">
<msg time="2024-12-13T11:59:40.278956" level="INFO">The button 'Continue' was pushed.</msg>
<arg>Continue</arg>
<doc>Push the button with the given locator.</doc>
<status status="PASS" start="2024-12-13T11:59:40.066146" elapsed="0.212810"/>
</kw>
<kw name="Push Button" owner="RoboSAPiens">
<msg time="2024-12-13T11:59:40.605936" level="INFO">The button 'Select All' was pushed.</msg>
<arg>Select All</arg>
<doc>Push the button with the given locator.</doc>
<status status="PASS" start="2024-12-13T11:59:40.279993" elapsed="0.325943"/>
</kw>
<kw name="Push Button" owner="RoboSAPiens">
<msg time="2024-12-13T11:59:40.774289" level="INFO">The button 'Continue' was pushed.</msg>
<arg>Continue</arg>
<doc>Push the button with the given locator.</doc>
<status status="PASS" start="2024-12-13T11:59:40.605936" elapsed="0.168353"/>
</kw>
<kw name="Fill Text Field" owner="RoboSAPiens">
<msg time="2024-12-13T11:59:41.004979" level="INFO">The text field with the locator 'Plant' was filled.</msg>
<arg>Plant</arg>
<arg>${Plant}</arg>
<doc>Fill the text field specified by the locator with the content provided.</doc>
<status status="PASS" start="2024-12-13T11:59:40.774289" elapsed="0.230690"/>
</kw>
<kw name="Push Button" owner="RoboSAPiens">
<msg time="2024-12-13T11:59:41.377525" level="INFO">The button 'Continue' was pushed.</msg>
<arg>Continue</arg>
<doc>Push the button with the given locator.</doc>
<status status="PASS" start="2024-12-13T11:59:41.006068" elapsed="0.371457"/>
</kw>
<kw name="Fill Text Field" owner="RoboSAPiens">
<msg time="2024-12-13T11:59:42.569594" level="INFO">The text field with the locator 'Material Description' was filled.</msg>
<arg>Material Description</arg>
<arg>${Description}</arg>
<doc>Fill the text field specified by the locator with the content provided.</doc>
<status status="PASS" start="2024-12-13T11:59:41.377525" elapsed="1.192069"/>
</kw>
<kw name="Push Button" owner="RoboSAPiens">
<msg time="2024-12-13T11:59:43.131842" level="INFO">The button 'Save' was pushed.</msg>
<arg>Save</arg>
<doc>Push the button with the given locator.</doc>
<status status="PASS" start="2024-12-13T11:59:42.569594" elapsed="0.562248"/>
</kw>
<kw name="Sleep" owner="BuiltIn">
<msg time="2024-12-13T11:59:45.132610" level="INFO">Slept 2 seconds.</msg>
<arg>2s</arg>
<doc>Pauses the test executed for the given time.</doc>
<status status="PASS" start="2024-12-13T11:59:43.131842" elapsed="2.000768"/>
</kw>
<arg>${MATERIALS}[${index}]</arg>
<arg>${PLANT}</arg>
<arg>${DESCRIPTIONS}[${index}]</arg>
<status status="PASS" start="2024-12-13T11:59:39.297865" elapsed="5.834745"/>
</kw>
<kw name="Update Material Description">
<kw name="Execute Transaction" owner="RoboSAPiens">
<msg time="2024-12-13T11:59:45.585143" level="INFO">The transaction with T-Code MM02 was executed.</msg>
<arg>MM02</arg>
<doc>Execute the transaction with the given T-Code.</doc>
<status status="PASS" start="2024-12-13T11:59:45.135228" elapsed="0.449915"/>
</kw>
<kw name="Fill Text Field" owner="RoboSAPiens">
<msg time="2024-12-13T11:59:45.594976" level="INFO">The text field with the locator 'Material' was filled.</msg>
<arg>Material</arg>
<arg>${Material}</arg>
<doc>Fill the text field specified by the locator with the content provided.</doc>
<status status="PASS" start="2024-12-13T11:59:45.586185" elapsed="0.008791"/>
</kw>
<kw name="Push Button" owner="RoboSAPiens">
<msg time="2024-12-13T11:59:45.792770" level="INFO">The button 'Continue' was pushed.</msg>
<arg>Continue</arg>
<doc>Push the button with the given locator.</doc>
<status status="PASS" start="2024-12-13T11:59:45.594976" elapsed="0.197794"/>
</kw>
<kw name="Push Button" owner="RoboSAPiens">
<msg time="2024-12-13T11:59:46.005918" level="INFO">The button 'Select All' was pushed.</msg>
<arg>Select All</arg>
<doc>Push the button with the given locator.</doc>
<status status="PASS" start="2024-12-13T11:59:45.792770" elapsed="0.213148"/>
</kw>
<kw name="Push Button" owner="RoboSAPiens">
<msg time="2024-12-13T11:59:46.177467" level="INFO">The button 'Continue' was pushed.</msg>
<arg>Continue</arg>
<doc>Push the button with the given locator.</doc>
<status status="PASS" start="2024-12-13T11:59:46.006957" elapsed="0.170510"/>
</kw>
<kw name="Fill Text Field" owner="RoboSAPiens">
<msg time="2024-12-13T11:59:46.311063" level="INFO">The text field with the locator 'Plant' was filled.</msg>
<arg>Plant</arg>
<arg>${Plant}</arg>
<doc>Fill the text field specified by the locator with the content provided.</doc>
<status status="PASS" start="2024-12-13T11:59:46.178506" elapsed="0.132557"/>
</kw>
<kw name="Push Button" owner="RoboSAPiens">
<msg time="2024-12-13T11:59:46.637871" level="INFO">The button 'Continue' was pushed.</msg>
<arg>Continue</arg>
<doc>Push the button with the given locator.</doc>
<status status="PASS" start="2024-12-13T11:59:46.311063" elapsed="0.326808"/>
</kw>
<kw name="Fill Text Field" owner="RoboSAPiens">
<msg time="2024-12-13T11:59:47.360015" level="INFO">The text field with the locator 'Material Description' was filled.</msg>
<arg>Material Description</arg>
<arg>${Description}</arg>
<doc>Fill the text field specified by the locator with the content provided.</doc>
<status status="PASS" start="2024-12-13T11:59:46.637871" elapsed="0.722144"/>
</kw>
<kw name="Push Button" owner="RoboSAPiens">
<msg time="2024-12-13T11:59:47.846729" level="INFO">The button 'Save' was pushed.</msg>
<arg>Save</arg>
<doc>Push the button with the given locator.</doc>
<status status="PASS" start="2024-12-13T11:59:47.360015" elapsed="0.486714"/>
</kw>
<kw name="Sleep" owner="BuiltIn">
<msg time="2024-12-13T11:59:49.847069" level="INFO">Slept 2 seconds.</msg>
<arg>2s</arg>
<doc>Pauses the test executed for the given time.</doc>
<status status="PASS" start="2024-12-13T11:59:47.846729" elapsed="2.000340"/>
</kw>
<arg>${MATERIALS}[${index}]</arg>
<arg>${PLANT}</arg>
<arg>${ACTUAL_DESCRIPTIONS}[${index}]</arg>
<status status="PASS" start="2024-12-13T11:59:45.133962" elapsed="4.713636"/>
</kw>
<kw name="Read Statusbar" owner="RoboSAPiens">
<msg time="2024-12-13T11:59:50.479554" level="INFO">The statusbar was read.</msg>
<msg time="2024-12-13T11:59:50.479554" level="INFO">${statusbar} = {'status': 'Success', 'message': 'Material YB0075056525 changed'}</msg>
<var>${statusbar}</var>
<doc>Read the contents of the statusbar. The return value is a dictionary with the entries 'status' and 'message'.</doc>
<status status="PASS" start="2024-12-13T11:59:49.847598" elapsed="0.631956"/>
</kw>
<kw name="Log" owner="BuiltIn">
<msg time="2024-12-13T11:59:50.480733" level="INFO">Status Bar: Material YB0075056525 changed</msg>
<arg>Status Bar: ${statusbar['message']}</arg>
<doc>Logs the given message with the given level.</doc>
<status status="PASS" start="2024-12-13T11:59:50.480733" elapsed="0.000000"/>
</kw>
<kw name="Should Contain" owner="BuiltIn">
<arg>${statusbar['message']}</arg>
<arg>Material ${MATERIALS}[${index}] changed</arg>
<doc>Fails if ``container`` does not contain ``item`` one or more times.</doc>
<status status="PASS" start="2024-12-13T11:59:50.480733" elapsed="0.000000"/>
</kw>
<var name="${index}">0</var>
<status status="PASS" start="2024-12-13T11:59:39.297865" elapsed="11.182868"/>
</iter>
<iter>
<kw name="Update Material Description">
<kw name="Execute Transaction" owner="RoboSAPiens">
<msg time="2024-12-13T11:59:50.612281" level="INFO">The transaction with T-Code MM02 was executed.</msg>
<arg>MM02</arg>
<doc>Execute the transaction with the given T-Code.</doc>
<status status="PASS" start="2024-12-13T11:59:50.481813" elapsed="0.131522"/>
</kw>
<kw name="Fill Text Field" owner="RoboSAPiens">
<msg time="2024-12-13T11:59:50.630609" level="INFO">The text field with the locator 'Material' was filled.</msg>
<arg>Material</arg>
<arg>${Material}</arg>
<doc>Fill the text field specified by the locator with the content provided.</doc>
<status status="PASS" start="2024-12-13T11:59:50.613335" elapsed="0.017274"/>
</kw>
<kw name="Push Button" owner="RoboSAPiens">
<msg time="2024-12-13T11:59:50.997032" level="INFO">The button 'Continue' was pushed.</msg>
<arg>Continue</arg>
<doc>Push the button with the given locator.</doc>
<status status="PASS" start="2024-12-13T11:59:50.631665" elapsed="0.365367"/>
</kw>
<kw name="Push Button" owner="RoboSAPiens">
<msg time="2024-12-13T11:59:51.321885" level="INFO">The button 'Select All' was pushed.</msg>
<arg>Select All</arg>
<doc>Push the button with the given locator.</doc>
<status status="PASS" start="2024-12-13T11:59:50.997032" elapsed="0.325999"/>
</kw>
<kw name="Push Button" owner="RoboSAPiens">
<msg time="2024-12-13T11:59:51.537126" level="INFO">The button 'Continue' was pushed.</msg>
<arg>Continue</arg>
<doc>Push the button with the given locator.</doc>
<status status="PASS" start="2024-12-13T11:59:51.323031" elapsed="0.214095"/>
</kw>
<kw name="Fill Text Field" owner="RoboSAPiens">
<msg time="2024-12-13T11:59:51.688666" level="INFO">The text field with the locator 'Plant' was filled.</msg>
<arg>Plant</arg>
<arg>${Plant}</arg>
<doc>Fill the text field specified by the locator with the content provided.</doc>
<status status="PASS" start="2024-12-13T11:59:51.537126" elapsed="0.151540"/>
</kw>
<kw name="Push Button" owner="RoboSAPiens">
<msg time="2024-12-13T11:59:52.201812" level="INFO">The button 'Continue' was pushed.</msg>
<arg>Continue</arg>
<doc>Push the button with the given locator.</doc>
<status status="PASS" start="2024-12-13T11:59:51.688666" elapsed="0.513146"/>
</kw>
<kw name="Fill Text Field" owner="RoboSAPiens">
<msg time="2024-12-13T11:59:52.947752" level="INFO">The text field with the locator 'Material Description' was filled.</msg>
<arg>Material Description</arg>
<arg>${Description}</arg>
<doc>Fill the text field specified by the locator with the content provided.</doc>
<status status="PASS" start="2024-12-13T11:59:52.201812" elapsed="0.745940"/>
</kw>
<kw name="Push Button" owner="RoboSAPiens">
<msg time="2024-12-13T11:59:53.568780" level="INFO">The button 'Save' was pushed.</msg>
<arg>Save</arg>
<doc>Push the button with the given locator.</doc>
<status status="PASS" start="2024-12-13T11:59:52.947752" elapsed="0.621028"/>
</kw>
<kw name="Sleep" owner="BuiltIn">
<msg time="2024-12-13T11:59:55.569105" level="INFO">Slept 2 seconds.</msg>
<arg>2s</arg>
<doc>Pauses the test executed for the given time.</doc>
<status status="PASS" start="2024-12-13T11:59:53.568780" elapsed="2.000325"/>
</kw>
<arg>${MATERIALS}[${index}]</arg>
<arg>${PLANT}</arg>
<arg>${DESCRIPTIONS}[${index}]</arg>
<status status="PASS" start="2024-12-13T11:59:50.481813" elapsed="5.087292"/>
</kw>
<kw name="Update Material Description">
<kw name="Execute Transaction" owner="RoboSAPiens">
<msg time="2024-12-13T11:59:56.040976" level="INFO">The transaction with T-Code MM02 was executed.</msg>
<arg>MM02</arg>
<doc>Execute the transaction with the given T-Code.</doc>
<status status="PASS" start="2024-12-13T11:59:55.569105" elapsed="0.471871"/>
</kw>
<kw name="Fill Text Field" owner="RoboSAPiens">
<msg time="2024-12-13T11:59:56.060018" level="INFO">The text field with the locator 'Material' was filled.</msg>
<arg>Material</arg>
<arg>${Material}</arg>
<doc>Fill the text field specified by the locator with the content provided.</doc>
<status status="PASS" start="2024-12-13T11:59:56.040976" elapsed="0.019042"/>
</kw>
<kw name="Push Button" owner="RoboSAPiens">
<msg time="2024-12-13T11:59:56.327660" level="INFO">The button 'Continue' was pushed.</msg>
<arg>Continue</arg>
<doc>Push the button with the given locator.</doc>
<status status="PASS" start="2024-12-13T11:59:56.060018" elapsed="0.267642"/>
</kw>
<kw name="Push Button" owner="RoboSAPiens">
<msg time="2024-12-13T11:59:56.582103" level="INFO">The button 'Select All' was pushed.</msg>
<arg>Select All</arg>
<doc>Push the button with the given locator.</doc>
<status status="PASS" start="2024-12-13T11:59:56.327660" elapsed="0.254443"/>
</kw>
<kw name="Push Button" owner="RoboSAPiens">
<msg time="2024-12-13T11:59:56.790354" level="INFO">The button 'Continue' was pushed.</msg>
<arg>Continue</arg>
<doc>Push the button with the given locator.</doc>
<status status="PASS" start="2024-12-13T11:59:56.582103" elapsed="0.208251"/>
</kw>
<kw name="Fill Text Field" owner="RoboSAPiens">
<msg time="2024-12-13T11:59:56.932627" level="INFO">The text field with the locator 'Plant' was filled.</msg>
<arg>Plant</arg>
<arg>${Plant}</arg>
<doc>Fill the text field specified by the locator with the content provided.</doc>
<status status="PASS" start="2024-12-13T11:59:56.790354" elapsed="0.142273"/>
</kw>
<kw name="Push Button" owner="RoboSAPiens">
<msg time="2024-12-13T11:59:57.447458" level="INFO">The button 'Continue' was pushed.</msg>
<arg>Continue</arg>
<doc>Push the button with the given locator.</doc>
<status status="PASS" start="2024-12-13T11:59:56.932627" elapsed="0.514831"/>
</kw>
<kw name="Fill Text Field" owner="RoboSAPiens">
<msg time="2024-12-13T11:59:58.159601" level="INFO">The text field with the locator 'Material Description' was filled.</msg>
<arg>Material Description</arg>
<arg>${Description}</arg>
<doc>Fill the text field specified by the locator with the content provided.</doc>
<status status="PASS" start="2024-12-13T11:59:57.447458" elapsed="0.712143"/>
</kw>
<kw name="Push Button" owner="RoboSAPiens">
<msg time="2024-12-13T11:59:58.703508" level="INFO">The button 'Save' was pushed.</msg>
<arg>Save</arg>
<doc>Push the button with the given locator.</doc>
<status status="PASS" start="2024-12-13T11:59:58.159601" elapsed="0.543907"/>
</kw>
<kw name="Sleep" owner="BuiltIn">
<msg time="2024-12-13T12:00:00.704057" level="INFO">Slept 2 seconds.</msg>
<arg>2s</arg>
<doc>Pauses the test executed for the given time.</doc>
<status status="PASS" start="2024-12-13T11:59:58.703508" elapsed="2.000549"/>
</kw>
<arg>${MATERIALS}[${index}]</arg>
<arg>${PLANT}</arg>
<arg>${ACTUAL_DESCRIPTIONS}[${index}]</arg>
<status status="PASS" start="2024-12-13T11:59:55.569105" elapsed="5.134952"/>
</kw>
<kw name="Read Statusbar" owner="RoboSAPiens">
<msg time="2024-12-13T12:00:01.041493" level="INFO">The statusbar was read.</msg>
<msg time="2024-12-13T12:00:01.041493" level="INFO">${statusbar} = {'status': 'Success', 'message': 'Material YB00755040 changed'}</msg>
<var>${statusbar}</var>
<doc>Read the contents of the statusbar. The return value is a dictionary with the entries 'status' and 'message'.</doc>
<status status="PASS" start="2024-12-13T12:00:00.704057" elapsed="0.337436"/>
</kw>
<kw name="Log" owner="BuiltIn">
<msg time="2024-12-13T12:00:01.041493" level="INFO">Status Bar: Material YB00755040 changed</msg>
<arg>Status Bar: ${statusbar['message']}</arg>
<doc>Logs the given message with the given level.</doc>
<status status="PASS" start="2024-12-13T12:00:01.041493" elapsed="0.000000"/>
</kw>
<kw name="Should Contain" owner="BuiltIn">
<arg>${statusbar['message']}</arg>
<arg>Material ${MATERIALS}[${index}] changed</arg>
<doc>Fails if ``container`` does not contain ``item`` one or more times.</doc>
<status status="PASS" start="2024-12-13T12:00:01.041493" elapsed="0.000000"/>
</kw>
<var name="${index}">1</var>
<status status="PASS" start="2024-12-13T11:59:50.481813" elapsed="10.559680"/>
</iter>
<iter>
<kw name="Update Material Description">
<kw name="Execute Transaction" owner="RoboSAPiens">
<msg time="2024-12-13T12:00:01.191651" level="INFO">The transaction with T-Code MM02 was executed.</msg>
<arg>MM02</arg>
<doc>Execute the transaction with the given T-Code.</doc>
<status status="PASS" start="2024-12-13T12:00:01.057765" elapsed="0.133886"/>
</kw>
<kw name="Fill Text Field" owner="RoboSAPiens">
<msg time="2024-12-13T12:00:01.199826" level="INFO">The text field with the locator 'Material' was filled.</msg>
<arg>Material</arg>
<arg>${Material}</arg>
<doc>Fill the text field specified by the locator with the content provided.</doc>
<status status="PASS" start="2024-12-13T12:00:01.191651" elapsed="0.008175"/>
</kw>
<kw name="Push Button" owner="RoboSAPiens">
<msg time="2024-12-13T12:00:01.438273" level="INFO">The button 'Continue' was pushed.</msg>
<arg>Continue</arg>
<doc>Push the button with the given locator.</doc>
<status status="PASS" start="2024-12-13T12:00:01.199826" elapsed="0.238447"/>
</kw>
<kw name="Push Button" owner="RoboSAPiens">
<msg time="2024-12-13T12:00:01.691889" level="INFO">The button 'Select All' was pushed.</msg>
<arg>Select All</arg>
<doc>Push the button with the given locator.</doc>
<status status="PASS" start="2024-12-13T12:00:01.438273" elapsed="0.253616"/>
</kw>
<kw name="Push Button" owner="RoboSAPiens">
<msg time="2024-12-13T12:00:01.912975" level="INFO">The button 'Continue' was pushed.</msg>
<arg>Continue</arg>
<doc>Push the button with the given locator.</doc>
<status status="PASS" start="2024-12-13T12:00:01.691889" elapsed="0.221086"/>
</kw>
<kw name="Fill Text Field" owner="RoboSAPiens">
<msg time="2024-12-13T12:00:02.063270" level="INFO">The text field with the locator 'Plant' was filled.</msg>
<arg>Plant</arg>
<arg>${Plant}</arg>
<doc>Fill the text field specified by the locator with the content provided.</doc>
<status status="PASS" start="2024-12-13T12:00:01.912975" elapsed="0.150295"/>
</kw>
<kw name="Push Button" owner="RoboSAPiens">
<msg time="2024-12-13T12:00:02.517976" level="INFO">The button 'Continue' was pushed.</msg>
<arg>Continue</arg>
<doc>Push the button with the given locator.</doc>
<status status="PASS" start="2024-12-13T12:00:02.063270" elapsed="0.454706"/>
</kw>
<kw name="Fill Text Field" owner="RoboSAPiens">
<msg time="2024-12-13T12:00:03.374914" level="INFO">The text field with the locator 'Material Description' was filled.</msg>
<arg>Material Description</arg>
<arg>${Description}</arg>
<doc>Fill the text field specified by the locator with the content provided.</doc>
<status status="PASS" start="2024-12-13T12:00:02.517976" elapsed="0.856938"/>
</kw>
<kw name="Push Button" owner="RoboSAPiens">
<msg time="2024-12-13T12:00:04.033474" level="INFO">The button 'Save' was pushed.</msg>
<arg>Save</arg>
<doc>Push the button with the given locator.</doc>
<status status="PASS" start="2024-12-13T12:00:03.374914" elapsed="0.658560"/>
</kw>
<kw name="Sleep" owner="BuiltIn">
<msg time="2024-12-13T12:00:06.034248" level="INFO">Slept 2 seconds.</msg>
<arg>2s</arg>
<doc>Pauses the test executed for the given time.</doc>
<status status="PASS" start="2024-12-13T12:00:04.033474" elapsed="2.000774"/>
</kw>
<arg>${MATERIALS}[${index}]</arg>
<arg>${PLANT}</arg>
<arg>${DESCRIPTIONS}[${index}]</arg>
<status status="PASS" start="2024-12-13T12:00:01.057765" elapsed="4.976483"/>
</kw>
<kw name="Update Material Description">
<kw name="Execute Transaction" owner="RoboSAPiens">
<msg time="2024-12-13T12:00:06.566762" level="INFO">The transaction with T-Code MM02 was executed.</msg>
<arg>MM02</arg>
<doc>Execute the transaction with the given T-Code.</doc>
<status status="PASS" start="2024-12-13T12:00:06.034248" elapsed="0.532514"/>
</kw>
<kw name="Fill Text Field" owner="RoboSAPiens">
<msg time="2024-12-13T12:00:06.582394" level="INFO">The text field with the locator 'Material' was filled.</msg>
<arg>Material</arg>
<arg>${Material}</arg>
<doc>Fill the text field specified by the locator with the content provided.</doc>
<status status="PASS" start="2024-12-13T12:00:06.566762" elapsed="0.015632"/>
</kw>
<kw name="Push Button" owner="RoboSAPiens">
<msg time="2024-12-13T12:00:06.855395" level="INFO">The button 'Continue' was pushed.</msg>
<arg>Continue</arg>
<doc>Push the button with the given locator.</doc>
<status status="PASS" start="2024-12-13T12:00:06.582394" elapsed="0.273001"/>
</kw>
<kw name="Push Button" owner="RoboSAPiens">
<msg time="2024-12-13T12:00:07.104776" level="INFO">The button 'Select All' was pushed.</msg>
<arg>Select All</arg>
<doc>Push the button with the given locator.</doc>
<status status="PASS" start="2024-12-13T12:00:06.855395" elapsed="0.249381"/>
</kw>
<kw name="Push Button" owner="RoboSAPiens">
<msg time="2024-12-13T12:00:07.328359" level="INFO">The button 'Continue' was pushed.</msg>
<arg>Continue</arg>
<doc>Push the button with the given locator.</doc>
<status status="PASS" start="2024-12-13T12:00:07.104776" elapsed="0.223583"/>
</kw>
<kw name="Fill Text Field" owner="RoboSAPiens">
<msg time="2024-12-13T12:00:07.454818" level="INFO">The text field with the locator 'Plant' was filled.</msg>
<arg>Plant</arg>
<arg>${Plant}</arg>
<doc>Fill the text field specified by the locator with the content provided.</doc>
<status status="PASS" start="2024-12-13T12:00:07.328359" elapsed="0.126459"/>
</kw>
<kw name="Push Button" owner="RoboSAPiens">
<msg time="2024-12-13T12:00:07.981935" level="INFO">The button 'Continue' was pushed.</msg>
<arg>Continue</arg>
<doc>Push the button with the given locator.</doc>
<status status="PASS" start="2024-12-13T12:00:07.454818" elapsed="0.527117"/>
</kw>
<kw name="Fill Text Field" owner="RoboSAPiens">
<msg time="2024-12-13T12:00:08.687340" level="INFO">The text field with the locator 'Material Description' was filled.</msg>
<arg>Material Description</arg>
<arg>${Description}</arg>
<doc>Fill the text field specified by the locator with the content provided.</doc>
<status status="PASS" start="2024-12-13T12:00:07.981935" elapsed="0.705405"/>
</kw>
<kw name="Push Button" owner="RoboSAPiens">
<msg time="2024-12-13T12:00:09.251888" level="INFO">The button 'Save' was pushed.</msg>
<arg>Save</arg>
<doc>Push the button with the given locator.</doc>
<status status="PASS" start="2024-12-13T12:00:08.687340" elapsed="0.564548"/>
</kw>
<kw name="Sleep" owner="BuiltIn">
<msg time="2024-12-13T12:00:11.252562" level="INFO">Slept 2 seconds.</msg>
<arg>2s</arg>
<doc>Pauses the test executed for the given time.</doc>
<status status="PASS" start="2024-12-13T12:00:09.251888" elapsed="2.000674"/>
</kw>
<arg>${MATERIALS}[${index}]</arg>
<arg>${PLANT}</arg>
<arg>${ACTUAL_DESCRIPTIONS}[${index}]</arg>
<status status="PASS" start="2024-12-13T12:00:06.034248" elapsed="5.218314"/>
</kw>
<kw name="Read Statusbar" owner="RoboSAPiens">
<msg time="2024-12-13T12:00:11.603626" level="INFO">The statusbar was read.</msg>
<msg time="2024-12-13T12:00:11.603626" level="INFO">${statusbar} = {'status': 'Success', 'message': 'Material YB00755055 changed'}</msg>
<var>${statusbar}</var>
<doc>Read the contents of the statusbar. The return value is a dictionary with the entries 'status' and 'message'.</doc>
<status status="PASS" start="2024-12-13T12:00:11.252562" elapsed="0.351064"/>
</kw>
<kw name="Log" owner="BuiltIn">
<msg time="2024-12-13T12:00:11.603626" level="INFO">Status Bar: Material YB00755055 changed</msg>
<arg>Status Bar: ${statusbar['message']}</arg>
<doc>Logs the given message with the given level.</doc>
<status status="PASS" start="2024-12-13T12:00:11.603626" elapsed="0.000000"/>
</kw>
<kw name="Should Contain" owner="BuiltIn">
<arg>${statusbar['message']}</arg>
<arg>Material ${MATERIALS}[${index}] changed</arg>
<doc>Fails if ``container`` does not contain ``item`` one or more times.</doc>
<status status="PASS" start="2024-12-13T12:00:11.603626" elapsed="0.000000"/>
</kw>
<var name="${index}">2</var>
<status status="PASS" start="2024-12-13T12:00:01.041493" elapsed="10.562133"/>
</iter>
<iter>
<kw name="Update Material Description">
<kw name="Execute Transaction" owner="RoboSAPiens">
<msg time="2024-12-13T12:00:11.751078" level="INFO">The transaction with T-Code MM02 was executed.</msg>
<arg>MM02</arg>
<doc>Execute the transaction with the given T-Code.</doc>
<status status="PASS" start="2024-12-13T12:00:11.603626" elapsed="0.147452"/>
</kw>
<kw name="Fill Text Field" owner="RoboSAPiens">
<msg time="2024-12-13T12:00:11.761755" level="INFO">The text field with the locator 'Material' was filled.</msg>
<arg>Material</arg>
<arg>${Material}</arg>
<doc>Fill the text field specified by the locator with the content provided.</doc>
<status status="PASS" start="2024-12-13T12:00:11.751078" elapsed="0.010677"/>
</kw>
<kw name="Push Button" owner="RoboSAPiens">
<msg time="2024-12-13T12:00:12.033757" level="INFO">The button 'Continue' was pushed.</msg>
<arg>Continue</arg>
<doc>Push the button with the given locator.</doc>
<status status="PASS" start="2024-12-13T12:00:11.761755" elapsed="0.272002"/>
</kw>
<kw name="Push Button" owner="RoboSAPiens">
<msg time="2024-12-13T12:00:12.272196" level="INFO">The button 'Select All' was pushed.</msg>
<arg>Select All</arg>
<doc>Push the button with the given locator.</doc>
<status status="PASS" start="2024-12-13T12:00:12.033757" elapsed="0.238439"/>
</kw>
<kw name="Push Button" owner="RoboSAPiens">
<msg time="2024-12-13T12:00:12.479088" level="INFO">The button 'Continue' was pushed.</msg>
<arg>Continue</arg>
<doc>Push the button with the given locator.</doc>
<status status="PASS" start="2024-12-13T12:00:12.272196" elapsed="0.206892"/>
</kw>
<kw name="Fill Text Field" owner="RoboSAPiens">
<msg time="2024-12-13T12:00:12.622660" level="INFO">The text field with the locator 'Plant' was filled.</msg>
<arg>Plant</arg>
<arg>${Plant}</arg>
<doc>Fill the text field specified by the locator with the content provided.</doc>
<status status="PASS" start="2024-12-13T12:00:12.479088" elapsed="0.143572"/>
</kw>
<kw name="Push Button" owner="RoboSAPiens">
<msg time="2024-12-13T12:00:13.085809" level="INFO">The button 'Continue' was pushed.</msg>
<arg>Continue</arg>
<doc>Push the button with the given locator.</doc>
<status status="PASS" start="2024-12-13T12:00:12.622660" elapsed="0.463149"/>
</kw>
<kw name="Fill Text Field" owner="RoboSAPiens">
<msg time="2024-12-13T12:00:13.952999" level="INFO">The text field with the locator 'Material Description' was filled.</msg>
<arg>Material Description</arg>
<arg>${Description}</arg>
<doc>Fill the text field specified by the locator with the content provided.</doc>
<status status="PASS" start="2024-12-13T12:00:13.085809" elapsed="0.867190"/>
</kw>
<kw name="Push Button" owner="RoboSAPiens">
<msg time="2024-12-13T12:00:14.536733" level="INFO">The button 'Save' was pushed.</msg>
<arg>Save</arg>
<doc>Push the button with the given locator.</doc>
<status status="PASS" start="2024-12-13T12:00:13.956773" elapsed="0.579960"/>
</kw>
<kw name="Sleep" owner="BuiltIn">
<msg time="2024-12-13T12:00:16.537076" level="INFO">Slept 2 seconds.</msg>
<arg>2s</arg>
<doc>Pauses the test executed for the given time.</doc>
<status status="PASS" start="2024-12-13T12:00:14.536733" elapsed="2.000343"/>
</kw>
<arg>${MATERIALS}[${index}]</arg>
<arg>${PLANT}</arg>
<arg>${DESCRIPTIONS}[${index}]</arg>
<status status="PASS" start="2024-12-13T12:00:11.603626" elapsed="4.933450"/>
</kw>
<kw name="Update Material Description">
<kw name="Execute Transaction" owner="RoboSAPiens">
<msg time="2024-12-13T12:00:17.026271" level="INFO">The transaction with T-Code MM02 was executed.</msg>
<arg>MM02</arg>
<doc>Execute the transaction with the given T-Code.</doc>
<status status="PASS" start="2024-12-13T12:00:16.537076" elapsed="0.489195"/>
</kw>
<kw name="Fill Text Field" owner="RoboSAPiens">
<msg time="2024-12-13T12:00:17.038285" level="INFO">The text field with the locator 'Material' was filled.</msg>
<arg>Material</arg>
<arg>${Material}</arg>
<doc>Fill the text field specified by the locator with the content provided.</doc>
<status status="PASS" start="2024-12-13T12:00:17.026271" elapsed="0.012014"/>
</kw>
<kw name="Push Button" owner="RoboSAPiens">
<msg time="2024-12-13T12:00:17.287637" level="INFO">The button 'Continue' was pushed.</msg>
<arg>Continue</arg>
<doc>Push the button with the given locator.</doc>
<status status="PASS" start="2024-12-13T12:00:17.038285" elapsed="0.249352"/>
</kw>
<kw name="Push Button" owner="RoboSAPiens">
<msg time="2024-12-13T12:00:17.541149" level="INFO">The button 'Select All' was pushed.</msg>
<arg>Select All</arg>
<doc>Push the button with the given locator.</doc>
<status status="PASS" start="2024-12-13T12:00:17.287637" elapsed="0.253512"/>
</kw>
<kw name="Push Button" owner="RoboSAPiens">
<msg time="2024-12-13T12:00:17.737809" level="INFO">The button 'Continue' was pushed.</msg>
<arg>Continue</arg>
<doc>Push the button with the given locator.</doc>
<status status="PASS" start="2024-12-13T12:00:17.541149" elapsed="0.196660"/>
</kw>
<kw name="Fill Text Field" owner="RoboSAPiens">
<msg time="2024-12-13T12:00:17.879198" level="INFO">The text field with the locator 'Plant' was filled.</msg>
<arg>Plant</arg>
<arg>${Plant}</arg>
<doc>Fill the text field specified by the locator with the content provided.</doc>
<status status="PASS" start="2024-12-13T12:00:17.737809" elapsed="0.141389"/>
</kw>
<kw name="Push Button" owner="RoboSAPiens">
<msg time="2024-12-13T12:00:18.390291" level="INFO">The button 'Continue' was pushed.</msg>
<arg>Continue</arg>
<doc>Push the button with the given locator.</doc>
<status status="PASS" start="2024-12-13T12:00:17.879198" elapsed="0.511093"/>
</kw>
<kw name="Fill Text Field" owner="RoboSAPiens">
<msg time="2024-12-13T12:00:19.085736" level="INFO">The text field with the locator 'Material Description' was filled.</msg>
<arg>Material Description</arg>
<arg>${Description}</arg>
<doc>Fill the text field specified by the locator with the content provided.</doc>
<status status="PASS" start="2024-12-13T12:00:18.390291" elapsed="0.698524"/>
</kw>
<kw name="Push Button" owner="RoboSAPiens">
<msg time="2024-12-13T12:00:19.568445" level="INFO">The button 'Save' was pushed.</msg>
<arg>Save</arg>
<doc>Push the button with the given locator.</doc>
<status status="PASS" start="2024-12-13T12:00:19.088815" elapsed="0.479630"/>
</kw>
<kw name="Sleep" owner="BuiltIn">
<msg time="2024-12-13T12:00:21.569116" level="INFO">Slept 2 seconds.</msg>
<arg>2s</arg>
<doc>Pauses the test executed for the given time.</doc>
<status status="PASS" start="2024-12-13T12:00:19.568445" elapsed="2.000671"/>
</kw>
<arg>${MATERIALS}[${index}]</arg>
<arg>${PLANT}</arg>
<arg>${ACTUAL_DESCRIPTIONS}[${index}]</arg>
<status status="PASS" start="2024-12-13T12:00:16.537076" elapsed="5.032040"/>
</kw>
<kw name="Read Statusbar" owner="RoboSAPiens">
<msg time="2024-12-13T12:00:21.915939" level="INFO">The statusbar was read.</msg>
<msg time="2024-12-13T12:00:21.915939" level="INFO">${statusbar} = {'status': 'Success', 'message': 'Material D07X01790CU changed'}</msg>
<var>${statusbar}</var>
<doc>Read the contents of the statusbar. The return value is a dictionary with the entries 'status' and 'message'.</doc>
<status status="PASS" start="2024-12-13T12:00:21.569116" elapsed="0.346823"/>
</kw>
<kw name="Log" owner="BuiltIn">
<msg time="2024-12-13T12:00:21.915939" level="INFO">Status Bar: Material D07X01790CU changed</msg>
<arg>Status Bar: ${statusbar['message']}</arg>
<doc>Logs the given message with the given level.</doc>
<status status="PASS" start="2024-12-13T12:00:21.915939" elapsed="0.000000"/>
</kw>
<kw name="Should Contain" owner="BuiltIn">
<arg>${statusbar['message']}</arg>
<arg>Material ${MATERIALS}[${index}] changed</arg>
<doc>Fails if ``container`` does not contain ``item`` one or more times.</doc>
<status status="PASS" start="2024-12-13T12:00:21.915939" elapsed="0.000000"/>
</kw>
<var name="${index}">3</var>
<status status="PASS" start="2024-12-13T12:00:11.603626" elapsed="10.312313"/>
</iter>
<iter>
<kw name="Update Material Description">
<kw name="Execute Transaction" owner="RoboSAPiens">
<msg time="2024-12-13T12:00:22.048618" level="INFO">The transaction with T-Code MM02 was executed.</msg>
<arg>MM02</arg>
<doc>Execute the transaction with the given T-Code.</doc>
<status status="PASS" start="2024-12-13T12:00:21.915939" elapsed="0.132679"/>
</kw>
<kw name="Fill Text Field" owner="RoboSAPiens">
<msg time="2024-12-13T12:00:22.058792" level="INFO">The text field with the locator 'Material' was filled.</msg>
<arg>Material</arg>
<arg>${Material}</arg>
<doc>Fill the text field specified by the locator with the content provided.</doc>
<status status="PASS" start="2024-12-13T12:00:22.048618" elapsed="0.010174"/>
</kw>
<kw name="Push Button" owner="RoboSAPiens">
<msg time="2024-12-13T12:00:22.311715" level="INFO">The button 'Continue' was pushed.</msg>
<arg>Continue</arg>
<doc>Push the button with the given locator.</doc>
<status status="PASS" start="2024-12-13T12:00:22.058792" elapsed="0.252923"/>
</kw>
<kw name="Push Button" owner="RoboSAPiens">
<msg time="2024-12-13T12:00:22.554095" level="INFO">The button 'Select All' was pushed.</msg>
<arg>Select All</arg>
<doc>Push the button with the given locator.</doc>
<status status="PASS" start="2024-12-13T12:00:22.311715" elapsed="0.242380"/>
</kw>
<kw name="Push Button" owner="RoboSAPiens">
<msg time="2024-12-13T12:00:22.740491" level="INFO">The button 'Continue' was pushed.</msg>
<arg>Continue</arg>
<doc>Push the button with the given locator.</doc>
<status status="PASS" start="2024-12-13T12:00:22.554095" elapsed="0.186396"/>
</kw>
<kw name="Fill Text Field" owner="RoboSAPiens">
<msg time="2024-12-13T12:00:22.875703" level="INFO">The text field with the locator 'Plant' was filled.</msg>
<arg>Plant</arg>
<arg>${Plant}</arg>
<doc>Fill the text field specified by the locator with the content provided.</doc>
<status status="PASS" start="2024-12-13T12:00:22.740491" elapsed="0.135212"/>
</kw>
<kw name="Push Button" owner="RoboSAPiens">
<msg time="2024-12-13T12:00:23.376259" level="INFO">The button 'Continue' was pushed.</msg>
<arg>Continue</arg>
<doc>Push the button with the given locator.</doc>
<status status="PASS" start="2024-12-13T12:00:22.875703" elapsed="0.500556"/>
</kw>
<kw name="Fill Text Field" owner="RoboSAPiens">
<msg time="2024-12-13T12:00:24.231676" level="INFO">The text field with the locator 'Material Description' was filled.</msg>
<arg>Material Description</arg>
<arg>${Description}</arg>
<doc>Fill the text field specified by the locator with the content provided.</doc>
<status status="PASS" start="2024-12-13T12:00:23.376259" elapsed="0.855417"/>
</kw>
<kw name="Push Button" owner="RoboSAPiens">
<msg time="2024-12-13T12:00:24.837041" level="INFO">The button 'Save' was pushed.</msg>
<arg>Save</arg>
<doc>Push the button with the given locator.</doc>
<status status="PASS" start="2024-12-13T12:00:24.231676" elapsed="0.605365"/>
</kw>
<kw name="Sleep" owner="BuiltIn">
<msg time="2024-12-13T12:00:26.837756" level="INFO">Slept 2 seconds.</msg>
<arg>2s</arg>
<doc>Pauses the test executed for the given time.</doc>
<status status="PASS" start="2024-12-13T12:00:24.837041" elapsed="2.000715"/>
</kw>
<arg>${MATERIALS}[${index}]</arg>
<arg>${PLANT}</arg>
<arg>${DESCRIPTIONS}[${index}]</arg>
<status status="PASS" start="2024-12-13T12:00:21.915939" elapsed="4.921817"/>
</kw>
<kw name="Update Material Description">
<kw name="Execute Transaction" owner="RoboSAPiens">
<msg time="2024-12-13T12:00:27.314731" level="INFO">The transaction with T-Code MM02 was executed.</msg>
<arg>MM02</arg>
<doc>Execute the transaction with the given T-Code.</doc>
<status status="PASS" start="2024-12-13T12:00:26.837756" elapsed="0.476975"/>
</kw>
<kw name="Fill Text Field" owner="RoboSAPiens">
<msg time="2024-12-13T12:00:27.320779" level="INFO">The text field with the locator 'Material' was filled.</msg>
<arg>Material</arg>
<arg>${Material}</arg>
<doc>Fill the text field specified by the locator with the content provided.</doc>
<status status="PASS" start="2024-12-13T12:00:27.314731" elapsed="0.006048"/>
</kw>
<kw name="Push Button" owner="RoboSAPiens">
<msg time="2024-12-13T12:00:27.585206" level="INFO">The button 'Continue' was pushed.</msg>
<arg>Continue</arg>
<doc>Push the button with the given locator.</doc>
<status status="PASS" start="2024-12-13T12:00:27.320779" elapsed="0.264427"/>
</kw>
<kw name="Push Button" owner="RoboSAPiens">
<msg time="2024-12-13T12:00:27.838888" level="INFO">The button 'Select All' was pushed.</msg>
<arg>Select All</arg>
<doc>Push the button with the given locator.</doc>
<status status="PASS" start="2024-12-13T12:00:27.585206" elapsed="0.253682"/>
</kw>
<kw name="Push Button" owner="RoboSAPiens">
<msg time="2024-12-13T12:00:28.044692" level="INFO">The button 'Continue' was pushed.</msg>
<arg>Continue</arg>
<doc>Push the button with the given locator.</doc>
<status status="PASS" start="2024-12-13T12:00:27.838888" elapsed="0.205804"/>
</kw>
<kw name="Fill Text Field" owner="RoboSAPiens">
<msg time="2024-12-13T12:00:28.172654" level="INFO">The text field with the locator 'Plant' was filled.</msg>
<arg>Plant</arg>
<arg>${Plant}</arg>
<doc>Fill the text field specified by the locator with the content provided.</doc>
<status status="PASS" start="2024-12-13T12:00:28.044692" elapsed="0.127962"/>
</kw>
<kw name="Push Button" owner="RoboSAPiens">
<msg time="2024-12-13T12:00:28.685935" level="INFO">The button 'Continue' was pushed.</msg>
<arg>Continue</arg>
<doc>Push the button with the given locator.</doc>
<status status="PASS" start="2024-12-13T12:00:28.172654" elapsed="0.513281"/>
</kw>
<kw name="Fill Text Field" owner="RoboSAPiens">
<msg time="2024-12-13T12:00:29.400663" level="INFO">The text field with the locator 'Material Description' was filled.</msg>
<arg>Material Description</arg>
<arg>${Description}</arg>
<doc>Fill the text field specified by the locator with the content provided.</doc>
<status status="PASS" start="2024-12-13T12:00:28.685935" elapsed="0.714728"/>
</kw>
<kw name="Push Button" owner="RoboSAPiens">
<msg time="2024-12-13T12:00:29.986152" level="INFO">The button 'Save' was pushed.</msg>
<arg>Save</arg>
<doc>Push the button with the given locator.</doc>
<status status="PASS" start="2024-12-13T12:00:29.400663" elapsed="0.585489"/>
</kw>
<kw name="Sleep" owner="BuiltIn">
<msg time="2024-12-13T12:00:31.986863" level="INFO">Slept 2 seconds.</msg>
<arg>2s</arg>
<doc>Pauses the test executed for the given time.</doc>
<status status="PASS" start="2024-12-13T12:00:29.986152" elapsed="2.000711"/>
</kw>
<arg>${MATERIALS}[${index}]</arg>
<arg>${PLANT}</arg>
<arg>${ACTUAL_DESCRIPTIONS}[${index}]</arg>
<status status="PASS" start="2024-12-13T12:00:26.837756" elapsed="5.149107"/>
</kw>
<kw name="Read Statusbar" owner="RoboSAPiens">
<msg time="2024-12-13T12:00:32.371951" level="INFO">The statusbar was read.</msg>
<msg time="2024-12-13T12:00:32.371951" level="INFO">${statusbar} = {'status': 'Success', 'message': 'Material YB00754500 changed'}</msg>
<var>${statusbar}</var>
<doc>Read the contents of the statusbar. The return value is a dictionary with the entries 'status' and 'message'.</doc>
<status status="PASS" start="2024-12-13T12:00:31.986863" elapsed="0.385088"/>
</kw>
<kw name="Log" owner="BuiltIn">
<msg time="2024-12-13T12:00:32.371951" level="INFO">Status Bar: Material YB00754500 changed</msg>
<arg>Status Bar: ${statusbar['message']}</arg>
<doc>Logs the given message with the given level.</doc>
<status status="PASS" start="2024-12-13T12:00:32.371951" elapsed="0.000000"/>
</kw>
<kw name="Should Contain" owner="BuiltIn">
<arg>${statusbar['message']}</arg>
<arg>Material ${MATERIALS}[${index}] changed</arg>
<doc>Fails if ``container`` does not contain ``item`` one or more times.</doc>
<status status="PASS" start="2024-12-13T12:00:32.371951" elapsed="0.000000"/>
</kw>
<var name="${index}">4</var>
<status status="PASS" start="2024-12-13T12:00:21.915939" elapsed="10.456012"/>
</iter>
<var>${index}</var>
<value>${count}</value>
<status status="PASS" start="2024-12-13T11:59:39.297865" elapsed="53.074086"/>
</for>
<kw name="Sleep" owner="BuiltIn">
<msg time="2024-12-13T12:00:34.372332" level="INFO">Slept 2 seconds.</msg>
<arg>2s</arg>
<doc>Pauses the test executed for the given time.</doc>
<status status="PASS" start="2024-12-13T12:00:32.371951" elapsed="2.000381"/>
</kw>
<kw name="Push Button" owner="RoboSAPiens">
<msg time="2024-12-13T12:00:34.710101" level="INFO">The button 'Back' was pushed.</msg>
<arg>Back</arg>
<doc>Push the button with the given locator.</doc>
<status status="PASS" start="2024-12-13T12:00:34.372332" elapsed="0.337769"/>
</kw>
<status status="PASS" start="2024-12-13T11:59:38.096128" elapsed="56.615977"/>
</test>
<doc>Updates the material description for a given material and plant in SAP GUI.</doc>
<status status="PASS" start="2024-12-13T11:59:37.743626" elapsed="56.970486"/>
</suite>
<suite id="s1-s2" name="MD PP 0028" source="C:\Users\arbi.benzarti\PycharmProjects\SIT GUI AUTOMATION\tests\PP\Master_Data\Update\MD_PP_0028.robot">
<test id="s1-s2-t1" name="Update Materials Description" line="28">
<kw name="Connect to Running SAP" owner="RoboSAPiens">
<msg time="2024-12-13T12:00:35.671332" level="INFO">Connected to a running SAP instance.</msg>
<doc>Connect to a running SAP instance and take control of it.</doc>
<status status="PASS" start="2024-12-13T12:00:34.720631" elapsed="0.950701"/>
</kw>
<kw name="Evaluate" owner="BuiltIn">
<msg time="2024-12-13T12:00:35.671332" level="INFO">${count} = 5</msg>
<var>${count}</var>
<arg>len(${MATERIALS})</arg>
<doc>Evaluates the given expression in Python and returns the result.</doc>
<status status="PASS" start="2024-12-13T12:00:35.671332" elapsed="0.000000"/>
</kw>
<for flavor="IN RANGE">
<iter>
<kw name="Update Material Description">
<kw name="Execute Transaction" owner="RoboSAPiens">
<msg time="2024-12-13T12:00:35.890420" level="INFO">The transaction with T-Code MM02 was executed.</msg>
<arg>MM02</arg>
<doc>Execute the transaction with the given T-Code.</doc>
<status status="PASS" start="2024-12-13T12:00:35.671332" elapsed="0.219088"/>
</kw>
<kw name="Fill Text Field" owner="RoboSAPiens">
<msg time="2024-12-13T12:00:36.243535" level="INFO">The text field with the locator 'Material' was filled.</msg>
<arg>Material</arg>
<arg>${Material}</arg>
<doc>Fill the text field specified by the locator with the content provided.</doc>
<status status="PASS" start="2024-12-13T12:00:35.890420" elapsed="0.353115"/>
</kw>
<kw name="Push Button" owner="RoboSAPiens">
<msg time="2024-12-13T12:00:36.490345" level="INFO">The button 'Continue' was pushed.</msg>
<arg>Continue</arg>
<doc>Push the button with the given locator.</doc>
<status status="PASS" start="2024-12-13T12:00:36.243535" elapsed="0.246810"/>
</kw>
<kw name="Push Button" owner="RoboSAPiens">
<msg time="2024-12-13T12:00:36.760333" level="INFO">The button 'Select All' was pushed.</msg>
<arg>Select All</arg>
<doc>Push the button with the given locator.</doc>
<status status="PASS" start="2024-12-13T12:00:36.490345" elapsed="0.269988"/>
</kw>
<kw name="Push Button" owner="RoboSAPiens">
<msg time="2024-12-13T12:00:36.975754" level="INFO">The button 'Continue' was pushed.</msg>
<arg>Continue</arg>
<doc>Push the button with the given locator.</doc>
<status status="PASS" start="2024-12-13T12:00:36.760333" elapsed="0.215421"/>
</kw>
<kw name="Fill Text Field" owner="RoboSAPiens">
<msg time="2024-12-13T12:00:37.107565" level="INFO">The text field with the locator 'Plant' was filled.</msg>
<arg>Plant</arg>
<arg>${Plant}</arg>
<doc>Fill the text field specified by the locator with the content provided.</doc>
<status status="PASS" start="2024-12-13T12:00:36.975754" elapsed="0.131811"/>
</kw>
<kw name="Push Button" owner="RoboSAPiens">
<msg time="2024-12-13T12:00:37.624130" level="INFO">The button 'Continue' was pushed.</msg>
<arg>Continue</arg>
<doc>Push the button with the given locator.</doc>
<status status="PASS" start="2024-12-13T12:00:37.107565" elapsed="0.516565"/>
</kw>
<kw name="Fill Text Field" owner="RoboSAPiens">
<msg time="2024-12-13T12:00:38.337219" level="INFO">The text field with the locator 'Material Description' was filled.</msg>
<arg>Material Description</arg>
<arg>${Description}</arg>
<doc>Fill the text field specified by the locator with the content provided.</doc>
<status status="PASS" start="2024-12-13T12:00:37.624130" elapsed="0.713089"/>
</kw>
<kw name="Push Button" owner="RoboSAPiens">
<msg time="2024-12-13T12:00:38.885294" level="INFO">The button 'Save' was pushed.</msg>
<arg>Save</arg>
<doc>Push the button with the given locator.</doc>
<status status="PASS" start="2024-12-13T12:00:38.337219" elapsed="0.548075"/>
</kw>
<kw name="Sleep" owner="BuiltIn">
<msg time="2024-12-13T12:00:40.885628" level="INFO">Slept 2 seconds.</msg>
<arg>2s</arg>
<doc>Pauses the test executed for the given time.</doc>
<status status="PASS" start="2024-12-13T12:00:38.885294" elapsed="2.000334"/>
</kw>
<arg>${MATERIALS}[${index}]</arg>
<arg>${PLANT}</arg>
<arg>${DESCRIPTIONS}[${index}]</arg>
<status status="PASS" start="2024-12-13T12:00:35.671332" elapsed="5.214296"/>
</kw>
<kw name="Update Material Description">
<kw name="Execute Transaction" owner="RoboSAPiens">
<msg time="2024-12-13T12:00:41.408841" level="INFO">The transaction with T-Code MM02 was executed.</msg>
<arg>MM02</arg>
<doc>Execute the transaction with the given T-Code.</doc>
<status status="PASS" start="2024-12-13T12:00:40.887149" elapsed="0.528165"/>
</kw>
<kw name="Fill Text Field" owner="RoboSAPiens">
<msg time="2024-12-13T12:00:41.424788" level="INFO">The text field with the locator 'Material' was filled.</msg>
<arg>Material</arg>
<arg>${Material}</arg>
<doc>Fill the text field specified by the locator with the content provided.</doc>
<status status="PASS" start="2024-12-13T12:00:41.415314" elapsed="0.009474"/>
</kw>
<kw name="Push Button" owner="RoboSAPiens">
<msg time="2024-12-13T12:00:41.662107" level="INFO">The button 'Continue' was pushed.</msg>
<arg>Continue</arg>
<doc>Push the button with the given locator.</doc>
<status status="PASS" start="2024-12-13T12:00:41.424788" elapsed="0.237319"/>
</kw>
<kw name="Push Button" owner="RoboSAPiens">
<msg time="2024-12-13T12:00:41.883204" level="INFO">The button 'Select All' was pushed.</msg>
<arg>Select All</arg>
<doc>Push the button with the given locator.</doc>
<status status="PASS" start="2024-12-13T12:00:41.662107" elapsed="0.221097"/>
</kw>
<kw name="Push Button" owner="RoboSAPiens">
<msg time="2024-12-13T12:00:42.105621" level="INFO">The button 'Continue' was pushed.</msg>
<arg>Continue</arg>
<doc>Push the button with the given locator.</doc>
<status status="PASS" start="2024-12-13T12:00:41.883204" elapsed="0.222417"/>
</kw>
<kw name="Fill Text Field" owner="RoboSAPiens">
<msg time="2024-12-13T12:00:42.231868" level="INFO">The text field with the locator 'Plant' was filled.</msg>
<arg>Plant</arg>
<arg>${Plant}</arg>
<doc>Fill the text field specified by the locator with the content provided.</doc>
<status status="PASS" start="2024-12-13T12:00:42.105621" elapsed="0.126247"/>
</kw>
<kw name="Push Button" owner="RoboSAPiens">
<msg time="2024-12-13T12:00:42.709568" level="INFO">The button 'Continue' was pushed.</msg>
<arg>Continue</arg>
<doc>Push the button with the given locator.</doc>
<status status="PASS" start="2024-12-13T12:00:42.231868" elapsed="0.477700"/>
</kw>
<kw name="Fill Text Field" owner="RoboSAPiens">
<msg time="2024-12-13T12:00:43.378198" level="INFO">The text field with the locator 'Material Description' was filled.</msg>
<arg>Material Description</arg>
<arg>${Description}</arg>
<doc>Fill the text field specified by the locator with the content provided.</doc>
<status status="PASS" start="2024-12-13T12:00:42.709568" elapsed="0.668630"/>
</kw>
<kw name="Push Button" owner="RoboSAPiens">
<msg time="2024-12-13T12:00:43.985994" level="INFO">The button 'Save' was pushed.</msg>
<arg>Save</arg>
<doc>Push the button with the given locator.</doc>
<status status="PASS" start="2024-12-13T12:00:43.378198" elapsed="0.607796"/>
</kw>
<kw name="Sleep" owner="BuiltIn">
<msg time="2024-12-13T12:00:45.986944" level="INFO">Slept 2 seconds.</msg>
<arg>2s</arg>
<doc>Pauses the test executed for the given time.</doc>
<status status="PASS" start="2024-12-13T12:00:43.985994" elapsed="2.000950"/>
</kw>
<arg>${MATERIALS}[${index}]</arg>
<arg>${PLANT}</arg>
<arg>${ACTUAL_DESCRIPTIONS}[${index}]</arg>
<status status="PASS" start="2024-12-13T12:00:40.885628" elapsed="5.101316"/>
</kw>
<kw name="Read Statusbar" owner="RoboSAPiens">
<msg time="2024-12-13T12:00:46.332023" level="INFO">The statusbar was read.</msg>
<msg time="2024-12-13T12:00:46.332023" level="INFO">${statusbar} = {'status': 'Success', 'message': 'Material YB0075056525 changed'}</msg>
<var>${statusbar}</var>
<doc>Read the contents of the statusbar. The return value is a dictionary with the entries 'status' and 'message'.</doc>
<status status="PASS" start="2024-12-13T12:00:45.986944" elapsed="0.345079"/>
</kw>
<kw name="Log" owner="BuiltIn">
<msg time="2024-12-13T12:00:46.332023" level="INFO">Status Bar: Material YB0075056525 changed</msg>
<arg>Status Bar: ${statusbar['message']}</arg>
<doc>Logs the given message with the given level.</doc>
<status status="PASS" start="2024-12-13T12:00:46.332023" elapsed="0.000000"/>
</kw>
<kw name="Should Contain" owner="BuiltIn">
<arg>${statusbar['message']}</arg>
<arg>Material ${MATERIALS}[${index}] changed</arg>
<doc>Fails if ``container`` does not contain ``item`` one or more times.</doc>
<status status="PASS" start="2024-12-13T12:00:46.332023" elapsed="0.000000"/>
</kw>
<var name="${index}">0</var>
<status status="PASS" start="2024-12-13T12:00:35.671332" elapsed="10.660691"/>
</iter>
<iter>
<kw name="Update Material Description">
<kw name="Execute Transaction" owner="RoboSAPiens">
<msg time="2024-12-13T12:00:46.482287" level="INFO">The transaction with T-Code MM02 was executed.</msg>
<arg>MM02</arg>
<doc>Execute the transaction with the given T-Code.</doc>
<status status="PASS" start="2024-12-13T12:00:46.332023" elapsed="0.150264"/>
</kw>
<kw name="Fill Text Field" owner="RoboSAPiens">
<msg time="2024-12-13T12:00:46.490910" level="INFO">The text field with the locator 'Material' was filled.</msg>
<arg>Material</arg>
<arg>${Material}</arg>
<doc>Fill the text field specified by the locator with the content provided.</doc>
<status status="PASS" start="2024-12-13T12:00:46.482287" elapsed="0.008623"/>
</kw>
<kw name="Push Button" owner="RoboSAPiens">
<msg time="2024-12-13T12:00:46.776956" level="INFO">The button 'Continue' was pushed.</msg>
<arg>Continue</arg>
<doc>Push the button with the given locator.</doc>
<status status="PASS" start="2024-12-13T12:00:46.490910" elapsed="0.286046"/>
</kw>
<kw name="Push Button" owner="RoboSAPiens">
<msg time="2024-12-13T12:00:47.048388" level="INFO">The button 'Select All' was pushed.</msg>
<arg>Select All</arg>
<doc>Push the button with the given locator.</doc>
<status status="PASS" start="2024-12-13T12:00:46.776956" elapsed="0.271432"/>
</kw>
<kw name="Push Button" owner="RoboSAPiens">
<msg time="2024-12-13T12:00:47.254352" level="INFO">The button 'Continue' was pushed.</msg>
<arg>Continue</arg>
<doc>Push the button with the given locator.</doc>
<status status="PASS" start="2024-12-13T12:00:47.048388" elapsed="0.205964"/>
</kw>
<kw name="Fill Text Field" owner="RoboSAPiens">
<msg time="2024-12-13T12:00:47.382215" level="INFO">The text field with the locator 'Plant' was filled.</msg>
<arg>Plant</arg>
<arg>${Plant}</arg>
<doc>Fill the text field specified by the locator with the content provided.</doc>
<status status="PASS" start="2024-12-13T12:00:47.254352" elapsed="0.127863"/>
</kw>
<kw name="Push Button" owner="RoboSAPiens">
<msg time="2024-12-13T12:00:48.127590" level="INFO">The button 'Continue' was pushed.</msg>
<arg>Continue</arg>
<doc>Push the button with the given locator.</doc>
<status status="PASS" start="2024-12-13T12:00:47.382215" elapsed="0.745375"/>
</kw>
<kw name="Fill Text Field" owner="RoboSAPiens">
<msg time="2024-12-13T12:00:48.831866" level="INFO">The text field with the locator 'Material Description' was filled.</msg>
<arg>Material Description</arg>
<arg>${Description}</arg>
<doc>Fill the text field specified by the locator with the content provided.</doc>
<status status="PASS" start="2024-12-13T12:00:48.127590" elapsed="0.704276"/>
</kw>
<kw name="Push Button" owner="RoboSAPiens">
<msg time="2024-12-13T12:00:49.325138" level="INFO">The button 'Save' was pushed.</msg>
<arg>Save</arg>
<doc>Push the button with the given locator.</doc>
<status status="PASS" start="2024-12-13T12:00:48.831866" elapsed="0.493272"/>
</kw>
<kw name="Sleep" owner="BuiltIn">
<msg time="2024-12-13T12:00:51.329106" level="INFO">Slept 2 seconds.</msg>
<arg>2s</arg>
<doc>Pauses the test executed for the given time.</doc>
<status status="PASS" start="2024-12-13T12:00:49.328542" elapsed="2.000564"/>
</kw>
<arg>${MATERIALS}[${index}]</arg>
<arg>${PLANT}</arg>
<arg>${DESCRIPTIONS}[${index}]</arg>
<status status="PASS" start="2024-12-13T12:00:46.332023" elapsed="4.997083"/>
</kw>
<kw name="Update Material Description">
<kw name="Execute Transaction" owner="RoboSAPiens">
<msg time="2024-12-13T12:00:51.814300" level="INFO">The transaction with T-Code MM02 was executed.</msg>
<arg>MM02</arg>
<doc>Execute the transaction with the given T-Code.</doc>
<status status="PASS" start="2024-12-13T12:00:51.329106" elapsed="0.485194"/>
</kw>
<kw name="Fill Text Field" owner="RoboSAPiens">
<msg time="2024-12-13T12:00:51.835223" level="INFO">The text field with the locator 'Material' was filled.</msg>
<arg>Material</arg>
<arg>${Material}</arg>
<doc>Fill the text field specified by the locator with the content provided.</doc>
<status status="PASS" start="2024-12-13T12:00:51.814300" elapsed="0.020923"/>
</kw>
<kw name="Push Button" owner="RoboSAPiens">
<msg time="2024-12-13T12:00:52.100470" level="INFO">The button 'Continue' was pushed.</msg>
<arg>Continue</arg>
<doc>Push the button with the given locator.</doc>
<status status="PASS" start="2024-12-13T12:00:51.835223" elapsed="0.265247"/>
</kw>
<kw name="Push Button" owner="RoboSAPiens">
<msg time="2024-12-13T12:00:52.338768" level="INFO">The button 'Select All' was pushed.</msg>
<arg>Select All</arg>
<doc>Push the button with the given locator.</doc>
<status status="PASS" start="2024-12-13T12:00:52.100470" elapsed="0.238298"/>
</kw>
<kw name="Push Button" owner="RoboSAPiens">
<msg time="2024-12-13T12:00:52.544404" level="INFO">The button 'Continue' was pushed.</msg>
<arg>Continue</arg>
<doc>Push the button with the given locator.</doc>
<status status="PASS" start="2024-12-13T12:00:52.338768" elapsed="0.205636"/>
</kw>
<kw name="Fill Text Field" owner="RoboSAPiens">
<msg time="2024-12-13T12:00:52.680114" level="INFO">The text field with the locator 'Plant' was filled.</msg>
<arg>Plant</arg>
<arg>${Plant}</arg>
<doc>Fill the text field specified by the locator with the content provided.</doc>
<status status="PASS" start="2024-12-13T12:00:52.544404" elapsed="0.135710"/>
</kw>
<kw name="Push Button" owner="RoboSAPiens">
<msg time="2024-12-13T12:00:53.211579" level="INFO">The button 'Continue' was pushed.</msg>
<arg>Continue</arg>
<doc>Push the button with the given locator.</doc>
<status status="PASS" start="2024-12-13T12:00:52.681160" elapsed="0.530419"/>
</kw>
<kw name="Fill Text Field" owner="RoboSAPiens">
<msg time="2024-12-13T12:00:53.912961" level="INFO">The text field with the locator 'Material Description' was filled.</msg>
<arg>Material Description</arg>
<arg>${Description}</arg>
<doc>Fill the text field specified by the locator with the content provided.</doc>
<status status="PASS" start="2024-12-13T12:00:53.211579" elapsed="0.701382"/>
</kw>
<kw name="Push Button" owner="RoboSAPiens">
<msg time="2024-12-13T12:00:54.471776" level="INFO">The button 'Save' was pushed.</msg>
<arg>Save</arg>
<doc>Push the button with the given locator.</doc>
<status status="PASS" start="2024-12-13T12:00:53.912961" elapsed="0.558815"/>
</kw>
<kw name="Sleep" owner="BuiltIn">
<msg time="2024-12-13T12:00:56.472209" level="INFO">Slept 2 seconds.</msg>
<arg>2s</arg>
<doc>Pauses the test executed for the given time.</doc>
<status status="PASS" start="2024-12-13T12:00:54.471776" elapsed="2.000433"/>
</kw>
<arg>${MATERIALS}[${index}]</arg>
<arg>${PLANT}</arg>
<arg>${ACTUAL_DESCRIPTIONS}[${index}]</arg>
<status status="PASS" start="2024-12-13T12:00:51.329106" elapsed="5.143103"/>
</kw>
<kw name="Read Statusbar" owner="RoboSAPiens">
<msg time="2024-12-13T12:00:56.810019" level="INFO">The statusbar was read.</msg>
<msg time="2024-12-13T12:00:56.810019" level="INFO">${statusbar} = {'status': 'Success', 'message': 'Material YB00755040 changed'}</msg>
<var>${statusbar}</var>
<doc>Read the contents of the statusbar. The return value is a dictionary with the entries 'status' and 'message'.</doc>
<status status="PASS" start="2024-12-13T12:00:56.472209" elapsed="0.337810"/>
</kw>
<kw name="Log" owner="BuiltIn">
<msg time="2024-12-13T12:00:56.810019" level="INFO">Status Bar: Material YB00755040 changed</msg>
<arg>Status Bar: ${statusbar['message']}</arg>
<doc>Logs the given message with the given level.</doc>
<status status="PASS" start="2024-12-13T12:00:56.810019" elapsed="0.000000"/>
</kw>
<kw name="Should Contain" owner="BuiltIn">
<arg>${statusbar['message']}</arg>
<arg>Material ${MATERIALS}[${index}] changed</arg>
<doc>Fails if ``container`` does not contain ``item`` one or more times.</doc>
<status status="PASS" start="2024-12-13T12:00:56.810019" elapsed="0.000000"/>
</kw>
<var name="${index}">1</var>
<status status="PASS" start="2024-12-13T12:00:46.332023" elapsed="10.477996"/>
</iter>
<iter>
<kw name="Update Material Description">
<kw name="Execute Transaction" owner="RoboSAPiens">
<msg time="2024-12-13T12:00:56.952663" level="INFO">The transaction with T-Code MM02 was executed.</msg>
<arg>MM02</arg>
<doc>Execute the transaction with the given T-Code.</doc>
<status status="PASS" start="2024-12-13T12:00:56.810019" elapsed="0.142644"/>
</kw>
<kw name="Fill Text Field" owner="RoboSAPiens">
<msg time="2024-12-13T12:00:56.963978" level="INFO">The text field with the locator 'Material' was filled.</msg>
<arg>Material</arg>
<arg>${Material}</arg>
<doc>Fill the text field specified by the locator with the content provided.</doc>
<status status="PASS" start="2024-12-13T12:00:56.952663" elapsed="0.011315"/>
</kw>
<kw name="Push Button" owner="RoboSAPiens">
<msg time="2024-12-13T12:00:57.247261" level="INFO">The button 'Continue' was pushed.</msg>
<arg>Continue</arg>
<doc>Push the button with the given locator.</doc>
<status status="PASS" start="2024-12-13T12:00:56.963978" elapsed="0.283283"/>
</kw>
<kw name="Push Button" owner="RoboSAPiens">
<msg time="2024-12-13T12:00:57.520612" level="INFO">The button 'Select All' was pushed.</msg>
<arg>Select All</arg>
<doc>Push the button with the given locator.</doc>
<status status="PASS" start="2024-12-13T12:00:57.247261" elapsed="0.273351"/>
</kw>
<kw name="Push Button" owner="RoboSAPiens">
<msg time="2024-12-13T12:00:57.710735" level="INFO">The button 'Continue' was pushed.</msg>
<arg>Continue</arg>
<doc>Push the button with the given locator.</doc>
<status status="PASS" start="2024-12-13T12:00:57.520612" elapsed="0.190123"/>
</kw>
<kw name="Fill Text Field" owner="RoboSAPiens">
<msg time="2024-12-13T12:00:57.837898" level="INFO">The text field with the locator 'Plant' was filled.</msg>
<arg>Plant</arg>
<arg>${Plant}</arg>
<doc>Fill the text field specified by the locator with the content provided.</doc>
<status status="PASS" start="2024-12-13T12:00:57.710735" elapsed="0.127163"/>
</kw>
<kw name="Push Button" owner="RoboSAPiens">
<msg time="2024-12-13T12:00:58.307521" level="INFO">The button 'Continue' was pushed.</msg>
<arg>Continue</arg>
<doc>Push the button with the given locator.</doc>
<status status="PASS" start="2024-12-13T12:00:57.837898" elapsed="0.469623"/>
</kw>
<kw name="Fill Text Field" owner="RoboSAPiens">
<msg time="2024-12-13T12:00:59.014469" level="INFO">The text field with the locator 'Material Description' was filled.</msg>
<arg>Material Description</arg>
<arg>${Description}</arg>
<doc>Fill the text field specified by the locator with the content provided.</doc>
<status status="PASS" start="2024-12-13T12:00:58.307521" elapsed="0.706948"/>
</kw>
<kw name="Push Button" owner="RoboSAPiens">
<msg time="2024-12-13T12:00:59.567969" level="INFO">The button 'Save' was pushed.</msg>
<arg>Save</arg>
<doc>Push the button with the given locator.</doc>
<status status="PASS" start="2024-12-13T12:00:59.014469" elapsed="0.553500"/>
</kw>
<kw name="Sleep" owner="BuiltIn">
<msg time="2024-12-13T12:01:01.568739" level="INFO">Slept 2 seconds.</msg>
<arg>2s</arg>
<doc>Pauses the test executed for the given time.</doc>
<status status="PASS" start="2024-12-13T12:00:59.567969" elapsed="2.000770"/>
</kw>
<arg>${MATERIALS}[${index}]</arg>
<arg>${PLANT}</arg>
<arg>${DESCRIPTIONS}[${index}]</arg>
<status status="PASS" start="2024-12-13T12:00:56.810019" elapsed="4.758720"/>
</kw>
<kw name="Update Material Description">
<kw name="Execute Transaction" owner="RoboSAPiens">
<msg time="2024-12-13T12:01:02.097389" level="INFO">The transaction with T-Code MM02 was executed.</msg>
<arg>MM02</arg>
<doc>Execute the transaction with the given T-Code.</doc>
<status status="PASS" start="2024-12-13T12:01:01.570631" elapsed="0.526758"/>
</kw>
<kw name="Fill Text Field" owner="RoboSAPiens">
<msg time="2024-12-13T12:01:02.113181" level="INFO">The text field with the locator 'Material' was filled.</msg>
<arg>Material</arg>
<arg>${Material}</arg>
<doc>Fill the text field specified by the locator with the content provided.</doc>
<status status="PASS" start="2024-12-13T12:01:02.097389" elapsed="0.015792"/>
</kw>
<kw name="Push Button" owner="RoboSAPiens">
<msg time="2024-12-13T12:01:02.360385" level="INFO">The button 'Continue' was pushed.</msg>
<arg>Continue</arg>
<doc>Push the button with the given locator.</doc>
<status status="PASS" start="2024-12-13T12:01:02.113181" elapsed="0.247204"/>
</kw>
<kw name="Push Button" owner="RoboSAPiens">
<msg time="2024-12-13T12:01:02.605467" level="INFO">The button 'Select All' was pushed.</msg>
<arg>Select All</arg>
<doc>Push the button with the given locator.</doc>
<status status="PASS" start="2024-12-13T12:01:02.360385" elapsed="0.245082"/>
</kw>
<kw name="Push Button" owner="RoboSAPiens">
<msg time="2024-12-13T12:01:02.814552" level="INFO">The button 'Continue' was pushed.</msg>
<arg>Continue</arg>
<doc>Push the button with the given locator.</doc>
<status status="PASS" start="2024-12-13T12:01:02.605467" elapsed="0.209085"/>
</kw>
<kw name="Fill Text Field" owner="RoboSAPiens">
<msg time="2024-12-13T12:01:02.969330" level="INFO">The text field with the locator 'Plant' was filled.</msg>
<arg>Plant</arg>
<arg>${Plant}</arg>
<doc>Fill the text field specified by the locator with the content provided.</doc>
<status status="PASS" start="2024-12-13T12:01:02.814552" elapsed="0.154778"/>
</kw>
<kw name="Push Button" owner="RoboSAPiens">
<msg time="2024-12-13T12:01:03.461689" level="INFO">The button 'Continue' was pushed.</msg>
<arg>Continue</arg>
<doc>Push the button with the given locator.</doc>
<status status="PASS" start="2024-12-13T12:01:02.969330" elapsed="0.492359"/>
</kw>
<kw name="Fill Text Field" owner="RoboSAPiens">
<msg time="2024-12-13T12:01:04.177824" level="INFO">The text field with the locator 'Material Description' was filled.</msg>
<arg>Material Description</arg>
<arg>${Description}</arg>
<doc>Fill the text field specified by the locator with the content provided.</doc>
<status status="PASS" start="2024-12-13T12:01:03.461689" elapsed="0.716135"/>
</kw>
<kw name="Push Button" owner="RoboSAPiens">
<msg time="2024-12-13T12:01:04.690734" level="INFO">The button 'Save' was pushed.</msg>
<arg>Save</arg>
<doc>Push the button with the given locator.</doc>
<status status="PASS" start="2024-12-13T12:01:04.177824" elapsed="0.512910"/>
</kw>
<kw name="Sleep" owner="BuiltIn">
<msg time="2024-12-13T12:01:06.691058" level="INFO">Slept 2 seconds.</msg>
<arg>2s</arg>
<doc>Pauses the test executed for the given time.</doc>
<status status="PASS" start="2024-12-13T12:01:04.690734" elapsed="2.000324"/>
</kw>
<arg>${MATERIALS}[${index}]</arg>
<arg>${PLANT}</arg>
<arg>${ACTUAL_DESCRIPTIONS}[${index}]</arg>
<status status="PASS" start="2024-12-13T12:01:01.570631" elapsed="5.120427"/>
</kw>
<kw name="Read Statusbar" owner="RoboSAPiens">
<msg time="2024-12-13T12:01:07.044957" level="INFO">The statusbar was read.</msg>
<msg time="2024-12-13T12:01:07.044957" level="INFO">${statusbar} = {'status': 'Success', 'message': 'Material YB00755055 changed'}</msg>
<var>${statusbar}</var>
<doc>Read the contents of the statusbar. The return value is a dictionary with the entries 'status' and 'message'.</doc>
<status status="PASS" start="2024-12-13T12:01:06.691058" elapsed="0.353899"/>
</kw>
<kw name="Log" owner="BuiltIn">
<msg time="2024-12-13T12:01:07.044957" level="INFO">Status Bar: Material YB00755055 changed</msg>
<arg>Status Bar: ${statusbar['message']}</arg>
<doc>Logs the given message with the given level.</doc>
<status status="PASS" start="2024-12-13T12:01:07.044957" elapsed="0.000000"/>
</kw>
<kw name="Should Contain" owner="BuiltIn">
<arg>${statusbar['message']}</arg>
<arg>Material ${MATERIALS}[${index}] changed</arg>
<doc>Fails if ``container`` does not contain ``item`` one or more times.</doc>
<status status="PASS" start="2024-12-13T12:01:07.044957" elapsed="0.000000"/>
</kw>
<var name="${index}">2</var>
<status status="PASS" start="2024-12-13T12:00:56.810019" elapsed="10.234938"/>
</iter>
<iter>
<kw name="Update Material Description">
<kw name="Execute Transaction" owner="RoboSAPiens">
<msg time="2024-12-13T12:01:07.187501" level="INFO">The transaction with T-Code MM02 was executed.</msg>
<arg>MM02</arg>
<doc>Execute the transaction with the given T-Code.</doc>
<status status="PASS" start="2024-12-13T12:01:07.044957" elapsed="0.142544"/>
</kw>
<kw name="Fill Text Field" owner="RoboSAPiens">
<msg time="2024-12-13T12:01:07.187501" level="INFO">The text field with the locator 'Material' was filled.</msg>
<arg>Material</arg>
<arg>${Material}</arg>
<doc>Fill the text field specified by the locator with the content provided.</doc>
<status status="PASS" start="2024-12-13T12:01:07.187501" elapsed="0.000000"/>
</kw>
<kw name="Push Button" owner="RoboSAPiens">
<msg time="2024-12-13T12:01:07.473220" level="INFO">The button 'Continue' was pushed.</msg>
<arg>Continue</arg>
<doc>Push the button with the given locator.</doc>
<status status="PASS" start="2024-12-13T12:01:07.187501" elapsed="0.285719"/>
</kw>
<kw name="Push Button" owner="RoboSAPiens">
<msg time="2024-12-13T12:01:07.758071" level="INFO">The button 'Select All' was pushed.</msg>
<arg>Select All</arg>
<doc>Push the button with the given locator.</doc>
<status status="PASS" start="2024-12-13T12:01:07.473220" elapsed="0.284851"/>
</kw>
<kw name="Push Button" owner="RoboSAPiens">
<msg time="2024-12-13T12:01:07.963842" level="INFO">The button 'Continue' was pushed.</msg>
<arg>Continue</arg>
<doc>Push the button with the given locator.</doc>
<status status="PASS" start="2024-12-13T12:01:07.758071" elapsed="0.205771"/>
</kw>
<kw name="Fill Text Field" owner="RoboSAPiens">
<msg time="2024-12-13T12:01:08.107660" level="INFO">The text field with the locator 'Plant' was filled.</msg>
<arg>Plant</arg>
<arg>${Plant}</arg>
<doc>Fill the text field specified by the locator with the content provided.</doc>
<status status="PASS" start="2024-12-13T12:01:07.963842" elapsed="0.143818"/>
</kw>
<kw name="Push Button" owner="RoboSAPiens">
<msg time="2024-12-13T12:01:08.617286" level="INFO">The button 'Continue' was pushed.</msg>
<arg>Continue</arg>
<doc>Push the button with the given locator.</doc>
<status status="PASS" start="2024-12-13T12:01:08.107660" elapsed="0.509626"/>
</kw>
<kw name="Fill Text Field" owner="RoboSAPiens">
<msg time="2024-12-13T12:01:09.493354" level="INFO">The text field with the locator 'Material Description' was filled.</msg>
<arg>Material Description</arg>
<arg>${Description}</arg>
<doc>Fill the text field specified by the locator with the content provided.</doc>
<status status="PASS" start="2024-12-13T12:01:08.617286" elapsed="0.876068"/>
</kw>
<kw name="Push Button" owner="RoboSAPiens">
<msg time="2024-12-13T12:01:09.978801" level="INFO">The button 'Save' was pushed.</msg>
<arg>Save</arg>
<doc>Push the button with the given locator.</doc>
<status status="PASS" start="2024-12-13T12:01:09.493354" elapsed="0.485447"/>
</kw>
<kw name="Sleep" owner="BuiltIn">
<msg time="2024-12-13T12:01:11.979353" level="INFO">Slept 2 seconds.</msg>
<arg>2s</arg>
<doc>Pauses the test executed for the given time.</doc>
<status status="PASS" start="2024-12-13T12:01:09.978801" elapsed="2.000552"/>
</kw>
<arg>${MATERIALS}[${index}]</arg>
<arg>${PLANT}</arg>
<arg>${DESCRIPTIONS}[${index}]</arg>
<status status="PASS" start="2024-12-13T12:01:07.044957" elapsed="4.934396"/>
</kw>
<kw name="Update Material Description">
<kw name="Execute Transaction" owner="RoboSAPiens">
<msg time="2024-12-13T12:01:12.497364" level="INFO">The transaction with T-Code MM02 was executed.</msg>
<arg>MM02</arg>
<doc>Execute the transaction with the given T-Code.</doc>
<status status="PASS" start="2024-12-13T12:01:11.979353" elapsed="0.518011"/>
</kw>
<kw name="Fill Text Field" owner="RoboSAPiens">
<msg time="2024-12-13T12:01:12.513690" level="INFO">The text field with the locator 'Material' was filled.</msg>
<arg>Material</arg>
<arg>${Material}</arg>
<doc>Fill the text field specified by the locator with the content provided.</doc>
<status status="PASS" start="2024-12-13T12:01:12.497364" elapsed="0.016326"/>
</kw>
<kw name="Push Button" owner="RoboSAPiens">
<msg time="2024-12-13T12:01:12.784369" level="INFO">The button 'Continue' was pushed.</msg>
<arg>Continue</arg>
<doc>Push the button with the given locator.</doc>
<status status="PASS" start="2024-12-13T12:01:12.513690" elapsed="0.270679"/>
</kw>
<kw name="Push Button" owner="RoboSAPiens">
<msg time="2024-12-13T12:01:12.992367" level="INFO">The button 'Select All' was pushed.</msg>
<arg>Select All</arg>
<doc>Push the button with the given locator.</doc>
<status status="PASS" start="2024-12-13T12:01:12.784369" elapsed="0.207998"/>
</kw>
<kw name="Push Button" owner="RoboSAPiens">
<msg time="2024-12-13T12:01:13.216007" level="INFO">The button 'Continue' was pushed.</msg>
<arg>Continue</arg>
<doc>Push the button with the given locator.</doc>
<status status="PASS" start="2024-12-13T12:01:12.992367" elapsed="0.223640"/>
</kw>
<kw name="Fill Text Field" owner="RoboSAPiens">
<msg time="2024-12-13T12:01:13.359674" level="INFO">The text field with the locator 'Plant' was filled.</msg>
<arg>Plant</arg>
<arg>${Plant}</arg>
<doc>Fill the text field specified by the locator with the content provided.</doc>
<status status="PASS" start="2024-12-13T12:01:13.216007" elapsed="0.143667"/>
</kw>
<kw name="Push Button" owner="RoboSAPiens">
<msg time="2024-12-13T12:01:13.821474" level="INFO">The button 'Continue' was pushed.</msg>
<arg>Continue</arg>
<doc>Push the button with the given locator.</doc>
<status status="PASS" start="2024-12-13T12:01:13.359674" elapsed="0.461800"/>
</kw>
<kw name="Fill Text Field" owner="RoboSAPiens">
<msg time="2024-12-13T12:01:14.536517" level="INFO">The text field with the locator 'Material Description' was filled.</msg>
<arg>Material Description</arg>
<arg>${Description}</arg>
<doc>Fill the text field specified by the locator with the content provided.</doc>
<status status="PASS" start="2024-12-13T12:01:13.821474" elapsed="0.715043"/>
</kw>
<kw name="Push Button" owner="RoboSAPiens">
<msg time="2024-12-13T12:01:15.003419" level="INFO">The button 'Save' was pushed.</msg>
<arg>Save</arg>
<doc>Push the button with the given locator.</doc>
<status status="PASS" start="2024-12-13T12:01:14.536517" elapsed="0.466902"/>
</kw>
<kw name="Sleep" owner="BuiltIn">
<msg time="2024-12-13T12:01:17.003594" level="INFO">Slept 2 seconds.</msg>
<arg>2s</arg>
<doc>Pauses the test executed for the given time.</doc>
<status status="PASS" start="2024-12-13T12:01:15.003419" elapsed="2.000175"/>
</kw>
<arg>${MATERIALS}[${index}]</arg>
<arg>${PLANT}</arg>
<arg>${ACTUAL_DESCRIPTIONS}[${index}]</arg>
<status status="PASS" start="2024-12-13T12:01:11.979353" elapsed="5.024241"/>
</kw>
<kw name="Read Statusbar" owner="RoboSAPiens">
<msg time="2024-12-13T12:01:17.332592" level="INFO">The statusbar was read.</msg>
<msg time="2024-12-13T12:01:17.332592" level="INFO">${statusbar} = {'status': 'Success', 'message': 'Material D07X01790CU changed'}</msg>
<var>${statusbar}</var>
<doc>Read the contents of the statusbar. The return value is a dictionary with the entries 'status' and 'message'.</doc>
<status status="PASS" start="2024-12-13T12:01:17.003594" elapsed="0.328998"/>
</kw>
<kw name="Log" owner="BuiltIn">
<msg time="2024-12-13T12:01:17.332592" level="INFO">Status Bar: Material D07X01790CU changed</msg>
<arg>Status Bar: ${statusbar['message']}</arg>
<doc>Logs the given message with the given level.</doc>
<status status="PASS" start="2024-12-13T12:01:17.332592" elapsed="0.000000"/>
</kw>
<kw name="Should Contain" owner="BuiltIn">
<arg>${statusbar['message']}</arg>
<arg>Material ${MATERIALS}[${index}] changed</arg>
<doc>Fails if ``container`` does not contain ``item`` one or more times.</doc>
<status status="PASS" start="2024-12-13T12:01:17.332592" elapsed="0.015743"/>
</kw>
<var name="${index}">3</var>
<status status="PASS" start="2024-12-13T12:01:07.044957" elapsed="10.303378"/>
</iter>
<iter>
<kw name="Update Material Description">
<kw name="Execute Transaction" owner="RoboSAPiens">
<msg time="2024-12-13T12:01:17.474425" level="INFO">The transaction with T-Code MM02 was executed.</msg>
<arg>MM02</arg>
<doc>Execute the transaction with the given T-Code.</doc>
<status status="PASS" start="2024-12-13T12:01:17.348335" elapsed="0.126090"/>
</kw>
<kw name="Fill Text Field" owner="RoboSAPiens">
<msg time="2024-12-13T12:01:17.495374" level="INFO">The text field with the locator 'Material' was filled.</msg>
<arg>Material</arg>
<arg>${Material}</arg>
<doc>Fill the text field specified by the locator with the content provided.</doc>
<status status="PASS" start="2024-12-13T12:01:17.474425" elapsed="0.020949"/>
</kw>
<kw name="Push Button" owner="RoboSAPiens">
<msg time="2024-12-13T12:01:17.758853" level="INFO">The button 'Continue' was pushed.</msg>
<arg>Continue</arg>
<doc>Push the button with the given locator.</doc>
<status status="PASS" start="2024-12-13T12:01:17.495374" elapsed="0.263479"/>
</kw>
<kw name="Push Button" owner="RoboSAPiens">
<msg time="2024-12-13T12:01:17.979282" level="INFO">The button 'Select All' was pushed.</msg>
<arg>Select All</arg>
<doc>Push the button with the given locator.</doc>
<status status="PASS" start="2024-12-13T12:01:17.758853" elapsed="0.220429"/>
</kw>
<kw name="Push Button" owner="RoboSAPiens">
<msg time="2024-12-13T12:01:18.185404" level="INFO">The button 'Continue' was pushed.</msg>
<arg>Continue</arg>
<doc>Push the button with the given locator.</doc>
<status status="PASS" start="2024-12-13T12:01:17.979282" elapsed="0.206122"/>
</kw>
<kw name="Fill Text Field" owner="RoboSAPiens">
<msg time="2024-12-13T12:01:18.315259" level="INFO">The text field with the locator 'Plant' was filled.</msg>
<arg>Plant</arg>
<arg>${Plant}</arg>
<doc>Fill the text field specified by the locator with the content provided.</doc>
<status status="PASS" start="2024-12-13T12:01:18.185404" elapsed="0.129855"/>
</kw>
<kw name="Push Button" owner="RoboSAPiens">
<msg time="2024-12-13T12:01:18.844461" level="INFO">The button 'Continue' was pushed.</msg>
<arg>Continue</arg>
<doc>Push the button with the given locator.</doc>
<status status="PASS" start="2024-12-13T12:01:18.315259" elapsed="0.529202"/>
</kw>
<kw name="Fill Text Field" owner="RoboSAPiens">
<msg time="2024-12-13T12:01:19.537011" level="INFO">The text field with the locator 'Material Description' was filled.</msg>
<arg>Material Description</arg>
<arg>${Description}</arg>
<doc>Fill the text field specified by the locator with the content provided.</doc>
<status status="PASS" start="2024-12-13T12:01:18.844461" elapsed="0.692550"/>
</kw>
<kw name="Push Button" owner="RoboSAPiens">
<msg time="2024-12-13T12:01:20.125585" level="INFO">The button 'Save' was pushed.</msg>
<arg>Save</arg>
<doc>Push the button with the given locator.</doc>
<status status="PASS" start="2024-12-13T12:01:19.537011" elapsed="0.588574"/>
</kw>
<kw name="Sleep" owner="BuiltIn">
<msg time="2024-12-13T12:01:22.126210" level="INFO">Slept 2 seconds.</msg>
<arg>2s</arg>
<doc>Pauses the test executed for the given time.</doc>
<status status="PASS" start="2024-12-13T12:01:20.125585" elapsed="2.000625"/>
</kw>
<arg>${MATERIALS}[${index}]</arg>
<arg>${PLANT}</arg>
<arg>${DESCRIPTIONS}[${index}]</arg>
<status status="PASS" start="2024-12-13T12:01:17.348335" elapsed="4.777875"/>
</kw>
<kw name="Update Material Description">
<kw name="Execute Transaction" owner="RoboSAPiens">
<msg time="2024-12-13T12:01:22.682591" level="INFO">The transaction with T-Code MM02 was executed.</msg>
<arg>MM02</arg>
<doc>Execute the transaction with the given T-Code.</doc>
<status status="PASS" start="2024-12-13T12:01:22.127329" elapsed="0.555262"/>
</kw>
<kw name="Fill Text Field" owner="RoboSAPiens">
<msg time="2024-12-13T12:01:22.705198" level="INFO">The text field with the locator 'Material' was filled.</msg>
<arg>Material</arg>
<arg>${Material}</arg>
<doc>Fill the text field specified by the locator with the content provided.</doc>
<status status="PASS" start="2024-12-13T12:01:22.698235" elapsed="0.006963"/>
</kw>
<kw name="Push Button" owner="RoboSAPiens">
<msg time="2024-12-13T12:01:22.966020" level="INFO">The button 'Continue' was pushed.</msg>
<arg>Continue</arg>
<doc>Push the button with the given locator.</doc>
<status status="PASS" start="2024-12-13T12:01:22.705198" elapsed="0.260822"/>
</kw>
<kw name="Push Button" owner="RoboSAPiens">
<msg time="2024-12-13T12:01:23.212841" level="INFO">The button 'Select All' was pushed.</msg>
<arg>Select All</arg>
<doc>Push the button with the given locator.</doc>
<status status="PASS" start="2024-12-13T12:01:22.966020" elapsed="0.246821"/>
</kw>
<kw name="Push Button" owner="RoboSAPiens">
<msg time="2024-12-13T12:01:23.440911" level="INFO">The button 'Continue' was pushed.</msg>
<arg>Continue</arg>
<doc>Push the button with the given locator.</doc>
<status status="PASS" start="2024-12-13T12:01:23.212841" elapsed="0.228070"/>
</kw>
<kw name="Fill Text Field" owner="RoboSAPiens">
<msg time="2024-12-13T12:01:23.600148" level="INFO">The text field with the locator 'Plant' was filled.</msg>
<arg>Plant</arg>
<arg>${Plant}</arg>
[...]
<arg>Material Description</arg>
<arg>${Description}</arg>
<doc>Fill the text field specified by the locator with the content provided.</doc>
<status status="PASS" start="2024-12-13T12:03:43.234043" elapsed="0.825761"/>
</kw>
<kw name="Push Button" owner="RoboSAPiens">
<msg time="2024-12-13T12:03:44.554575" level="INFO">The button 'Save' was pushed.</msg>
<arg>Save</arg>
<doc>Push the button with the given locator.</doc>
<status status="PASS" start="2024-12-13T12:03:44.059804" elapsed="0.494771"/>
</kw>
<kw name="Sleep" owner="BuiltIn">
<msg time="2024-12-13T12:03:46.555242" level="INFO">Slept 2 seconds.</msg>
<arg>2s</arg>
<doc>Pauses the test executed for the given time.</doc>
<status status="PASS" start="2024-12-13T12:03:44.554575" elapsed="2.000667"/>
</kw>
<arg>${MATERIALS}[${index}]</arg>
<arg>${PLANT}</arg>
<arg>${DESCRIPTIONS}[${index}]</arg>
<status status="PASS" start="2024-12-13T12:03:41.344081" elapsed="5.211161"/>
</kw>
<kw name="Update Material Description">
<kw name="Execute Transaction" owner="RoboSAPiens">
<msg time="2024-12-13T12:03:47.045418" level="INFO">The transaction with T-Code MM02 was executed.</msg>
<arg>MM02</arg>
<doc>Execute the transaction with the given T-Code.</doc>
<status status="PASS" start="2024-12-13T12:03:46.555242" elapsed="0.490176"/>
</kw>
<kw name="Fill Text Field" owner="RoboSAPiens">
<msg time="2024-12-13T12:03:47.081031" level="INFO">The text field with the locator 'Material' was filled.</msg>
<arg>Material</arg>
<arg>${Material}</arg>
<doc>Fill the text field specified by the locator with the content provided.</doc>
<status status="PASS" start="2024-12-13T12:03:47.045418" elapsed="0.035613"/>
</kw>
<kw name="Push Button" owner="RoboSAPiens">
<msg time="2024-12-13T12:03:47.360448" level="INFO">The button 'Continue' was pushed.</msg>
<arg>Continue</arg>
<doc>Push the button with the given locator.</doc>
<status status="PASS" start="2024-12-13T12:03:47.081031" elapsed="0.279417"/>
</kw>
<kw name="Push Button" owner="RoboSAPiens">
<msg time="2024-12-13T12:03:47.614608" level="INFO">The button 'Select All' was pushed.</msg>
<arg>Select All</arg>
<doc>Push the button with the given locator.</doc>
<status status="PASS" start="2024-12-13T12:03:47.360448" elapsed="0.254160"/>
</kw>
<kw name="Push Button" owner="RoboSAPiens">
<msg time="2024-12-13T12:03:47.806874" level="INFO">The button 'Continue' was pushed.</msg>
<arg>Continue</arg>
<doc>Push the button with the given locator.</doc>
<status status="PASS" start="2024-12-13T12:03:47.614608" elapsed="0.193273"/>
</kw>
<kw name="Fill Text Field" owner="RoboSAPiens">
<msg time="2024-12-13T12:03:47.933186" level="INFO">The text field with the locator 'Plant' was filled.</msg>
<arg>Plant</arg>
<arg>${Plant}</arg>
<doc>Fill the text field specified by the locator with the content provided.</doc>
<status status="PASS" start="2024-12-13T12:03:47.807881" elapsed="0.125305"/>
</kw>
<kw name="Push Button" owner="RoboSAPiens">
<msg time="2024-12-13T12:03:48.410667" level="INFO">The button 'Continue' was pushed.</msg>
<arg>Continue</arg>
<doc>Push the button with the given locator.</doc>
<status status="PASS" start="2024-12-13T12:03:47.933186" elapsed="0.477481"/>
</kw>
<kw name="Fill Text Field" owner="RoboSAPiens">
<msg time="2024-12-13T12:03:49.185603" level="INFO">The text field with the locator 'Material Description' was filled.</msg>
<arg>Material Description</arg>
<arg>${Description}</arg>
<doc>Fill the text field specified by the locator with the content provided.</doc>
<status status="PASS" start="2024-12-13T12:03:48.410667" elapsed="0.774936"/>
</kw>
<kw name="Push Button" owner="RoboSAPiens">
<msg time="2024-12-13T12:03:49.661677" level="INFO">The button 'Save' was pushed.</msg>
<arg>Save</arg>
<doc>Push the button with the given locator.</doc>
<status status="PASS" start="2024-12-13T12:03:49.185603" elapsed="0.476074"/>
</kw>
<kw name="Sleep" owner="BuiltIn">
<msg time="2024-12-13T12:03:51.661948" level="INFO">Slept 2 seconds.</msg>
<arg>2s</arg>
<doc>Pauses the test executed for the given time.</doc>
<status status="PASS" start="2024-12-13T12:03:49.661677" elapsed="2.000271"/>
</kw>
<arg>${MATERIALS}[${index}]</arg>
<arg>${PLANT}</arg>
<arg>${ACTUAL_DESCRIPTIONS}[${index}]</arg>
<status status="PASS" start="2024-12-13T12:03:46.555242" elapsed="5.106706"/>
</kw>
<var name="${index}">2</var>
<status status="PASS" start="2024-12-13T12:03:41.344081" elapsed="10.317867"/>
</iter>
<iter>
<kw name="Update Material Description">
<kw name="Execute Transaction" owner="RoboSAPiens">
<msg time="2024-12-13T12:03:52.319110" level="INFO">The transaction with T-Code MM02 was executed.</msg>
<arg>MM02</arg>
<doc>Execute the transaction with the given T-Code.</doc>
<status status="PASS" start="2024-12-13T12:03:51.661948" elapsed="0.657162"/>
</kw>
<kw name="Fill Text Field" owner="RoboSAPiens">
<msg time="2024-12-13T12:03:52.324113" level="INFO">The text field with the locator 'Material' was filled.</msg>
<arg>Material</arg>
<arg>${Material}</arg>
<doc>Fill the text field specified by the locator with the content provided.</doc>
<status status="PASS" start="2024-12-13T12:03:52.319110" elapsed="0.005003"/>
</kw>
<kw name="Push Button" owner="RoboSAPiens">
<msg time="2024-12-13T12:03:52.578741" level="INFO">The button 'Continue' was pushed.</msg>
<arg>Continue</arg>
<doc>Push the button with the given locator.</doc>
<status status="PASS" start="2024-12-13T12:03:52.324113" elapsed="0.254628"/>
</kw>
<kw name="Push Button" owner="RoboSAPiens">
<msg time="2024-12-13T12:03:52.864595" level="INFO">The button 'Select All' was pushed.</msg>
<arg>Select All</arg>
<doc>Push the button with the given locator.</doc>
<status status="PASS" start="2024-12-13T12:03:52.578741" elapsed="0.285854"/>
</kw>
<kw name="Push Button" owner="RoboSAPiens">
<msg time="2024-12-13T12:03:53.070495" level="INFO">The button 'Continue' was pushed.</msg>
<arg>Continue</arg>
<doc>Push the button with the given locator.</doc>
<status status="PASS" start="2024-12-13T12:03:52.864595" elapsed="0.205900"/>
</kw>
<kw name="Fill Text Field" owner="RoboSAPiens">
<msg time="2024-12-13T12:03:53.197686" level="INFO">The text field with the locator 'Plant' was filled.</msg>
<arg>Plant</arg>
<arg>${Plant}</arg>
<doc>Fill the text field specified by the locator with the content provided.</doc>
<status status="PASS" start="2024-12-13T12:03:53.070495" elapsed="0.127191"/>
</kw>
<kw name="Push Button" owner="RoboSAPiens">
<msg time="2024-12-13T12:03:53.672597" level="INFO">The button 'Continue' was pushed.</msg>
<arg>Continue</arg>
<doc>Push the button with the given locator.</doc>
<status status="PASS" start="2024-12-13T12:03:53.197686" elapsed="0.474911"/>
</kw>
<kw name="Fill Text Field" owner="RoboSAPiens">
<msg time="2024-12-13T12:03:54.693433" level="INFO">The text field with the locator 'Material Description' was filled.</msg>
<arg>Material Description</arg>
<arg>${Description}</arg>
<doc>Fill the text field specified by the locator with the content provided.</doc>
<status status="PASS" start="2024-12-13T12:03:53.672597" elapsed="1.020836"/>
</kw>
<kw name="Push Button" owner="RoboSAPiens">
<msg time="2024-12-13T12:03:55.186645" level="INFO">The button 'Save' was pushed.</msg>
<arg>Save</arg>
<doc>Push the button with the given locator.</doc>
<status status="PASS" start="2024-12-13T12:03:54.693433" elapsed="0.493212"/>
</kw>
<kw name="Sleep" owner="BuiltIn">
<msg time="2024-12-13T12:03:57.186794" level="INFO">Slept 2 seconds.</msg>
<arg>2s</arg>
<doc>Pauses the test executed for the given time.</doc>
<status status="PASS" start="2024-12-13T12:03:55.186645" elapsed="2.000149"/>
</kw>
<arg>${MATERIALS}[${index}]</arg>
<arg>${PLANT}</arg>
<arg>${DESCRIPTIONS}[${index}]</arg>
<status status="PASS" start="2024-12-13T12:03:51.661948" elapsed="5.524846"/>
</kw>
<kw name="Update Material Description">
<kw name="Execute Transaction" owner="RoboSAPiens">
<msg time="2024-12-13T12:03:57.786617" level="INFO">The transaction with T-Code MM02 was executed.</msg>
<arg>MM02</arg>
<doc>Execute the transaction with the given T-Code.</doc>
<status status="PASS" start="2024-12-13T12:03:57.186794" elapsed="0.599823"/>
</kw>
<kw name="Fill Text Field" owner="RoboSAPiens">
<msg time="2024-12-13T12:03:57.802362" level="INFO">The text field with the locator 'Material' was filled.</msg>
<arg>Material</arg>
<arg>${Material}</arg>
<doc>Fill the text field specified by the locator with the content provided.</doc>
<status status="PASS" start="2024-12-13T12:03:57.786617" elapsed="0.015745"/>
</kw>
<kw name="Push Button" owner="RoboSAPiens">
<msg time="2024-12-13T12:03:58.062244" level="INFO">The button 'Continue' was pushed.</msg>
<arg>Continue</arg>
<doc>Push the button with the given locator.</doc>
<status status="PASS" start="2024-12-13T12:03:57.802362" elapsed="0.259882"/>
</kw>
<kw name="Push Button" owner="RoboSAPiens">
<msg time="2024-12-13T12:03:58.313036" level="INFO">The button 'Select All' was pushed.</msg>
<arg>Select All</arg>
<doc>Push the button with the given locator.</doc>
<status status="PASS" start="2024-12-13T12:03:58.062244" elapsed="0.250792"/>
</kw>
<kw name="Push Button" owner="RoboSAPiens">
<msg time="2024-12-13T12:03:58.518924" level="INFO">The button 'Continue' was pushed.</msg>
<arg>Continue</arg>
<doc>Push the button with the given locator.</doc>
<status status="PASS" start="2024-12-13T12:03:58.313036" elapsed="0.205888"/>
</kw>
<kw name="Fill Text Field" owner="RoboSAPiens">
<msg time="2024-12-13T12:03:58.662431" level="INFO">The text field with the locator 'Plant' was filled.</msg>
<arg>Plant</arg>
<arg>${Plant}</arg>
<doc>Fill the text field specified by the locator with the content provided.</doc>
<status status="PASS" start="2024-12-13T12:03:58.518924" elapsed="0.143507"/>
</kw>
<kw name="Push Button" owner="RoboSAPiens">
<msg time="2024-12-13T12:03:59.148891" level="INFO">The button 'Continue' was pushed.</msg>
<arg>Continue</arg>
<doc>Push the button with the given locator.</doc>
<status status="PASS" start="2024-12-13T12:03:58.662431" elapsed="0.486460"/>
</kw>
<kw name="Fill Text Field" owner="RoboSAPiens">
<msg time="2024-12-13T12:04:00.025563" level="INFO">The text field with the locator 'Material Description' was filled.</msg>
<arg>Material Description</arg>
<arg>${Description}</arg>
<doc>Fill the text field specified by the locator with the content provided.</doc>
<status status="PASS" start="2024-12-13T12:03:59.148891" elapsed="0.876672"/>
</kw>
<kw name="Push Button" owner="RoboSAPiens">
<msg time="2024-12-13T12:04:00.491903" level="INFO">The button 'Save' was pushed.</msg>
<arg>Save</arg>
<doc>Push the button with the given locator.</doc>
<status status="PASS" start="2024-12-13T12:04:00.025563" elapsed="0.466340"/>
</kw>
<kw name="Sleep" owner="BuiltIn">
<msg time="2024-12-13T12:04:02.492596" level="INFO">Slept 2 seconds.</msg>
<arg>2s</arg>
<doc>Pauses the test executed for the given time.</doc>
<status status="PASS" start="2024-12-13T12:04:00.491903" elapsed="2.000693"/>
</kw>
<arg>${MATERIALS}[${index}]</arg>
<arg>${PLANT}</arg>
<arg>${ACTUAL_DESCRIPTIONS}[${index}]</arg>
<status status="PASS" start="2024-12-13T12:03:57.186794" elapsed="5.305802"/>
</kw>
<var name="${index}">3</var>
<status status="PASS" start="2024-12-13T12:03:51.661948" elapsed="10.830648"/>
</iter>
<iter>
<kw name="Update Material Description">
<kw name="Execute Transaction" owner="RoboSAPiens">
<msg time="2024-12-13T12:04:03.046729" level="INFO">The transaction with T-Code MM02 was executed.</msg>
<arg>MM02</arg>
<doc>Execute the transaction with the given T-Code.</doc>
<status status="PASS" start="2024-12-13T12:04:02.492596" elapsed="0.554133"/>
</kw>
<kw name="Fill Text Field" owner="RoboSAPiens">
<msg time="2024-12-13T12:04:03.063644" level="INFO">The text field with the locator 'Material' was filled.</msg>
<arg>Material</arg>
<arg>${Material}</arg>
<doc>Fill the text field specified by the locator with the content provided.</doc>
<status status="PASS" start="2024-12-13T12:04:03.046729" elapsed="0.016915"/>
</kw>
<kw name="Push Button" owner="RoboSAPiens">
<msg time="2024-12-13T12:04:03.345066" level="INFO">The button 'Continue' was pushed.</msg>
<arg>Continue</arg>
<doc>Push the button with the given locator.</doc>
<status status="PASS" start="2024-12-13T12:04:03.063644" elapsed="0.281422"/>
</kw>
<kw name="Push Button" owner="RoboSAPiens">
<msg time="2024-12-13T12:04:03.573763" level="INFO">The button 'Select All' was pushed.</msg>
<arg>Select All</arg>
<doc>Push the button with the given locator.</doc>
<status status="PASS" start="2024-12-13T12:04:03.345066" elapsed="0.228697"/>
</kw>
<kw name="Push Button" owner="RoboSAPiens">
<msg time="2024-12-13T12:04:03.765160" level="INFO">The button 'Continue' was pushed.</msg>
<arg>Continue</arg>
<doc>Push the button with the given locator.</doc>
<status status="PASS" start="2024-12-13T12:04:03.573763" elapsed="0.191397"/>
</kw>
<kw name="Fill Text Field" owner="RoboSAPiens">
<msg time="2024-12-13T12:04:03.891968" level="INFO">The text field with the locator 'Plant' was filled.</msg>
<arg>Plant</arg>
<arg>${Plant}</arg>
<doc>Fill the text field specified by the locator with the content provided.</doc>
<status status="PASS" start="2024-12-13T12:04:03.765160" elapsed="0.126808"/>
</kw>
<kw name="Push Button" owner="RoboSAPiens">
<msg time="2024-12-13T12:04:04.370751" level="INFO">The button 'Continue' was pushed.</msg>
<arg>Continue</arg>
<doc>Push the button with the given locator.</doc>
<status status="PASS" start="2024-12-13T12:04:03.891968" elapsed="0.478783"/>
</kw>
<kw name="Fill Text Field" owner="RoboSAPiens">
<msg time="2024-12-13T12:04:05.048490" level="INFO">The text field with the locator 'Material Description' was filled.</msg>
<arg>Material Description</arg>
<arg>${Description}</arg>
<doc>Fill the text field specified by the locator with the content provided.</doc>
<status status="PASS" start="2024-12-13T12:04:04.370751" elapsed="0.677739"/>
</kw>
<kw name="Push Button" owner="RoboSAPiens">
<msg time="2024-12-13T12:04:05.563769" level="INFO">The button 'Save' was pushed.</msg>
<arg>Save</arg>
<doc>Push the button with the given locator.</doc>
<status status="PASS" start="2024-12-13T12:04:05.048490" elapsed="0.515279"/>
</kw>
<kw name="Sleep" owner="BuiltIn">
<msg time="2024-12-13T12:04:07.564441" level="INFO">Slept 2 seconds.</msg>
<arg>2s</arg>
<doc>Pauses the test executed for the given time.</doc>
<status status="PASS" start="2024-12-13T12:04:05.563769" elapsed="2.000672"/>
</kw>
<arg>${MATERIALS}[${index}]</arg>
<arg>${PLANT}</arg>
<arg>${DESCRIPTIONS}[${index}]</arg>
<status status="PASS" start="2024-12-13T12:04:02.492596" elapsed="5.071845"/>
</kw>
<kw name="Update Material Description">
<kw name="Execute Transaction" owner="RoboSAPiens">
<msg time="2024-12-13T12:04:08.151814" level="INFO">The transaction with T-Code MM02 was executed.</msg>
<arg>MM02</arg>
<doc>Execute the transaction with the given T-Code.</doc>
<status status="PASS" start="2024-12-13T12:04:07.564441" elapsed="0.587373"/>
</kw>
<kw name="Fill Text Field" owner="RoboSAPiens">
<msg time="2024-12-13T12:04:08.161832" level="INFO">The text field with the locator 'Material' was filled.</msg>
<arg>Material</arg>
<arg>${Material}</arg>
<doc>Fill the text field specified by the locator with the content provided.</doc>
<status status="PASS" start="2024-12-13T12:04:08.151814" elapsed="0.010018"/>
</kw>
<kw name="Push Button" owner="RoboSAPiens">
<msg time="2024-12-13T12:04:08.413710" level="INFO">The button 'Continue' was pushed.</msg>
<arg>Continue</arg>
<doc>Push the button with the given locator.</doc>
<status status="PASS" start="2024-12-13T12:04:08.161832" elapsed="0.251878"/>
</kw>
<kw name="Push Button" owner="RoboSAPiens">
<msg time="2024-12-13T12:04:08.636422" level="INFO">The button 'Select All' was pushed.</msg>
<arg>Select All</arg>
<doc>Push the button with the given locator.</doc>
<status status="PASS" start="2024-12-13T12:04:08.413710" elapsed="0.222712"/>
</kw>
<kw name="Push Button" owner="RoboSAPiens">
<msg time="2024-12-13T12:04:08.852919" level="INFO">The button 'Continue' was pushed.</msg>
<arg>Continue</arg>
<doc>Push the button with the given locator.</doc>
<status status="PASS" start="2024-12-13T12:04:08.636422" elapsed="0.216497"/>
</kw>
<kw name="Fill Text Field" owner="RoboSAPiens">
<msg time="2024-12-13T12:04:08.969399" level="INFO">The text field with the locator 'Plant' was filled.</msg>
<arg>Plant</arg>
<arg>${Plant}</arg>
<doc>Fill the text field specified by the locator with the content provided.</doc>
<status status="PASS" start="2024-12-13T12:04:08.852919" elapsed="0.116480"/>
</kw>
<kw name="Push Button" owner="RoboSAPiens">
<msg time="2024-12-13T12:04:09.461801" level="INFO">The button 'Continue' was pushed.</msg>
<arg>Continue</arg>
<doc>Push the button with the given locator.</doc>
<status status="PASS" start="2024-12-13T12:04:08.969399" elapsed="0.492402"/>
</kw>
<kw name="Fill Text Field" owner="RoboSAPiens">
<msg time="2024-12-13T12:04:10.273513" level="INFO">The text field with the locator 'Material Description' was filled.</msg>
<arg>Material Description</arg>
<arg>${Description}</arg>
<doc>Fill the text field specified by the locator with the content provided.</doc>
<status status="PASS" start="2024-12-13T12:04:09.461801" elapsed="0.811712"/>
</kw>
<kw name="Push Button" owner="RoboSAPiens">
<msg time="2024-12-13T12:04:10.822242" level="INFO">The button 'Save' was pushed.</msg>
<arg>Save</arg>
<doc>Push the button with the given locator.</doc>
<status status="PASS" start="2024-12-13T12:04:10.273513" elapsed="0.548729"/>
</kw>
<kw name="Sleep" owner="BuiltIn">
<msg time="2024-12-13T12:04:12.827645" level="INFO">Slept 2 seconds.</msg>
<arg>2s</arg>
<doc>Pauses the test executed for the given time.</doc>
<status status="PASS" start="2024-12-13T12:04:10.822242" elapsed="2.005403"/>
</kw>
<arg>${MATERIALS}[${index}]</arg>
<arg>${PLANT}</arg>
<arg>${ACTUAL_DESCRIPTIONS}[${index}]</arg>
<status status="PASS" start="2024-12-13T12:04:07.564441" elapsed="5.263204"/>
</kw>
<var name="${index}">4</var>
<status status="PASS" start="2024-12-13T12:04:02.492596" elapsed="10.335049"/>
</iter>
<var>${index}</var>
<value>${count}</value>
<status status="PASS" start="2024-12-13T12:03:20.799002" elapsed="52.028643"/>
</for>
<kw name="Sleep" owner="BuiltIn">
<msg time="2024-12-13T12:04:14.829472" level="INFO">Slept 2 seconds.</msg>
<arg>2s</arg>
<doc>Pauses the test executed for the given time.</doc>
<status status="PASS" start="2024-12-13T12:04:12.827645" elapsed="2.001827"/>
</kw>
<kw name="Push Button" owner="RoboSAPiens">
<msg time="2024-12-13T12:04:15.371490" level="INFO">The button 'Back' was pushed.</msg>
<arg>Back</arg>
<doc>Push the button with the given locator.</doc>
<status status="PASS" start="2024-12-13T12:04:14.829472" elapsed="0.542018"/>
</kw>
<status status="PASS" start="2024-12-13T12:03:19.796518" elapsed="55.574972"/>
</test>
<doc>Updates the material description for a given material and plant in SAP GUI.</doc>
<status status="PASS" start="2024-12-13T12:03:19.780543" elapsed="55.594229"/>
</suite>
<status status="PASS" start="2024-12-13T11:59:37.711640" elapsed="277.663132"/>
</suite>
<statistics>
<total>
<stat pass="5" fail="0" skip="0">All Tests</stat>
</total>
<tag>
</tag>
<suite>
<stat pass="5" fail="0" skip="0" id="s1" name="Update">Update</stat>
<stat pass="1" fail="0" skip="0" id="s1-s1" name="MD PP 0027">Update.MD PP 0027</stat>
<stat pass="1" fail="0" skip="0" id="s1-s2" name="MD PP 0028">Update.MD PP 0028</stat>
<stat pass="1" fail="0" skip="0" id="s1-s3" name="MD PP 0029">Update.MD PP 0029</stat>
<stat pass="1" fail="0" skip="0" id="s1-s4" name="MD PP 0030">Update.MD PP 0030</stat>
<stat pass="1" fail="0" skip="0" id="s1-s5" name="MD PP 0031">Update.MD PP 0031</stat>
</suite>
</statistics>
<errors>
</errors>
</robot>
