<?xml version="1.0" encoding="UTF-8"?>
<robot generator="Robot 7.1.1 (Python 3.12.6 on win32)" generated="2025-01-07T19:46:26.235991" rpa="false" schemaversion="5">
<suite id="s1" name="MD PP 0028" source="C:\Users\arbi.benzarti\PycharmProjects\SIT GUI AUTOMATION\tests\PP\Master_Data\Update\MD_PP_0028.robot">
<test id="s1-t1" name="Update Materials Description" line="28">
<kw name="Connect to Running SAP" owner="RoboSAPiens">
<msg time="2025-01-07T19:46:29.790739" level="INFO">Connected to a running SAP instance.</msg>
<doc>Connect to a running SAP instance and take control of it.</doc>
<status status="PASS" start="2025-01-07T19:46:26.647635" elapsed="3.143104"/>
</kw>
<kw name="Evaluate" owner="BuiltIn">
<msg time="2025-01-07T19:46:29.791740" level="INFO">${count} = 5</msg>
<var>${count}</var>
<arg>len(${MATERIALS})</arg>
<doc>Evaluates the given expression in Python and returns the result.</doc>
<status status="PASS" start="2025-01-07T19:46:29.791740" elapsed="0.000000"/>
</kw>
<for flavor="IN RANGE">
<iter>
<kw name="Update Material Description">
<kw name="Execute Transaction" owner="RoboSAPiens">
<msg time="2025-01-07T19:46:30.248884" level="INFO">The transaction with T-Code MM02 was executed.</msg>
<arg>MM02</arg>
<doc>Execute the transaction with the given T-Code.</doc>
<status status="PASS" start="2025-01-07T19:46:29.792741" elapsed="0.456143"/>
</kw>
<kw name="Fill Text Field" owner="RoboSAPiens">
<msg time="2025-01-07T19:46:30.947815" level="INFO">The text field with the locator 'Material' was filled.</msg>
<arg>Material</arg>
<arg>${Material}</arg>
<doc>Fill the text field specified by the locator with the content provided.</doc>
<status status="PASS" start="2025-01-07T19:46:30.248884" elapsed="0.698931"/>
</kw>
<kw name="Push Button" owner="RoboSAPiens">
<msg time="2025-01-07T19:46:31.292881" level="INFO">The button 'Continue' was pushed.</msg>
<arg>Continue</arg>
<doc>Push the button with the given locator.</doc>
<status status="PASS" start="2025-01-07T19:46:30.947815" elapsed="0.345066"/>
</kw>
<kw name="Push Button" owner="RoboSAPiens">
<msg time="2025-01-07T19:46:31.707354" level="INFO">The button 'Select All' was pushed.</msg>
<arg>Select All</arg>
<doc>Push the button with the given locator.</doc>
<status status="PASS" start="2025-01-07T19:46:31.292881" elapsed="0.414473"/>
</kw>
<kw name="Push Button" owner="RoboSAPiens">
<msg time="2025-01-07T19:46:32.040732" level="INFO">The button 'Continue' was pushed.</msg>
<arg>Continue</arg>
<doc>Push the button with the given locator.</doc>
<status status="PASS" start="2025-01-07T19:46:31.707354" elapsed="0.333378"/>
</kw>
<kw name="Fill Text Field" owner="RoboSAPiens">
<msg time="2025-01-07T19:46:32.220923" level="INFO">The text field with the locator 'Plant' was filled.</msg>
<arg>Plant</arg>
<arg>${Plant}</arg>
<doc>Fill the text field specified by the locator with the content provided.</doc>
<status status="PASS" start="2025-01-07T19:46:32.040732" elapsed="0.180191"/>
</kw>
<kw name="Push Button" owner="RoboSAPiens">
<msg time="2025-01-07T19:46:32.786701" level="INFO">The button 'Continue' was pushed.</msg>
<arg>Continue</arg>
<doc>Push the button with the given locator.</doc>
<status status="PASS" start="2025-01-07T19:46:32.220923" elapsed="0.565778"/>
</kw>
<kw name="Fill Text Field" owner="RoboSAPiens">
<msg time="2025-01-07T19:46:33.794865" level="INFO">The text field with the locator 'Material Description' was filled.</msg>
<arg>Material Description</arg>
<arg>${Description}</arg>
<doc>Fill the text field specified by the locator with the content provided.</doc>
<status status="PASS" start="2025-01-07T19:46:32.786701" elapsed="1.008164"/>
</kw>
<kw name="Push Button" owner="RoboSAPiens">
<msg time="2025-01-07T19:46:34.452954" level="INFO">The button 'Save' was pushed.</msg>
<arg>Save</arg>
<doc>Push the button with the given locator.</doc>
<status status="PASS" start="2025-01-07T19:46:33.794865" elapsed="0.658089"/>
</kw>
<kw name="Sleep" owner="BuiltIn">
<msg time="2025-01-07T19:46:39.453578" level="INFO">Slept 5 seconds.</msg>
<arg>5s</arg>
<doc>Pauses the test executed for the given time.</doc>
<status status="PASS" start="2025-01-07T19:46:34.452954" elapsed="5.000624"/>
</kw>
<arg>${MATERIALS}[${index}]</arg>
<arg>${PLANT}</arg>
<arg>${DESCRIPTIONS}[${index}]</arg>
<status status="PASS" start="2025-01-07T19:46:29.792741" elapsed="9.660837"/>
</kw>
<kw name="Update Material Description">
<kw name="Execute Transaction" owner="RoboSAPiens">
<msg time="2025-01-07T19:46:40.034434" level="INFO">The transaction with T-Code MM02 was executed.</msg>
<arg>MM02</arg>
<doc>Execute the transaction with the given T-Code.</doc>
<status status="PASS" start="2025-01-07T19:46:39.455119" elapsed="0.579315"/>
</kw>
<kw name="Fill Text Field" owner="RoboSAPiens">
<msg time="2025-01-07T19:46:40.050473" level="INFO">The text field with the locator 'Material' was filled.</msg>
<arg>Material</arg>
<arg>${Material}</arg>
<doc>Fill the text field specified by the locator with the content provided.</doc>
<status status="PASS" start="2025-01-07T19:46:40.034434" elapsed="0.016039"/>
</kw>
<kw name="Push Button" owner="RoboSAPiens">
<msg time="2025-01-07T19:46:40.358919" level="INFO">The button 'Continue' was pushed.</msg>
<arg>Continue</arg>
<doc>Push the button with the given locator.</doc>
<status status="PASS" start="2025-01-07T19:46:40.050473" elapsed="0.308446"/>
</kw>
<kw name="Push Button" owner="RoboSAPiens">
<msg time="2025-01-07T19:46:40.682495" level="INFO">The button 'Select All' was pushed.</msg>
<arg>Select All</arg>
<doc>Push the button with the given locator.</doc>
<status status="PASS" start="2025-01-07T19:46:40.359918" elapsed="0.322577"/>
</kw>
<kw name="Push Button" owner="RoboSAPiens">
<msg time="2025-01-07T19:46:40.913335" level="INFO">The button 'Continue' was pushed.</msg>
<arg>Continue</arg>
<doc>Push the button with the given locator.</doc>
<status status="PASS" start="2025-01-07T19:46:40.683531" elapsed="0.229804"/>
</kw>
<kw name="Fill Text Field" owner="RoboSAPiens">
<msg time="2025-01-07T19:46:41.069416" level="INFO">The text field with the locator 'Plant' was filled.</msg>
<arg>Plant</arg>
<arg>${Plant}</arg>
<doc>Fill the text field specified by the locator with the content provided.</doc>
<status status="PASS" start="2025-01-07T19:46:40.913335" elapsed="0.156081"/>
</kw>
<kw name="Push Button" owner="RoboSAPiens">
<msg time="2025-01-07T19:46:41.748516" level="INFO">The button 'Continue' was pushed.</msg>
<arg>Continue</arg>
<doc>Push the button with the given locator.</doc>
<status status="PASS" start="2025-01-07T19:46:41.069416" elapsed="0.679100"/>
</kw>
<kw name="Fill Text Field" owner="RoboSAPiens">
<msg time="2025-01-07T19:46:42.678338" level="INFO">The text field with the locator 'Material Description' was filled.</msg>
<arg>Material Description</arg>
<arg>${Description}</arg>
<doc>Fill the text field specified by the locator with the content provided.</doc>
<status status="PASS" start="2025-01-07T19:46:41.748516" elapsed="0.931046"/>
</kw>
<kw name="Push Button" owner="RoboSAPiens">
<msg time="2025-01-07T19:46:43.252537" level="INFO">The button 'Save' was pushed.</msg>
<arg>Save</arg>
<doc>Push the button with the given locator.</doc>
<status status="PASS" start="2025-01-07T19:46:42.679562" elapsed="0.572975"/>
</kw>
<kw name="Sleep" owner="BuiltIn">
<msg time="2025-01-07T19:46:48.252883" level="INFO">Slept 5 seconds.</msg>
<arg>5s</arg>
<doc>Pauses the test executed for the given time.</doc>
<status status="PASS" start="2025-01-07T19:46:43.252537" elapsed="5.000346"/>
</kw>
<arg>${MATERIALS}[${index}]</arg>
<arg>${PLANT}</arg>
<arg>${ACTUAL_DESCRIPTIONS}[${index}]</arg>
<status status="PASS" start="2025-01-07T19:46:39.454601" elapsed="8.798282"/>
</kw>
<kw name="Read Statusbar" owner="RoboSAPiens">
<msg time="2025-01-07T19:46:48.689819" level="INFO">The statusbar was read.</msg>
<msg time="2025-01-07T19:46:48.689819" level="INFO">${statusbar} = {'status': 'Success', 'message': 'Material YB0075056525 changed'}</msg>
<var>${statusbar}</var>
<doc>Read the contents of the statusbar. The return value is a dictionary with the entries 'status' and 'message'.</doc>
<status status="PASS" start="2025-01-07T19:46:48.252883" elapsed="0.436936"/>
</kw>
<kw name="Log" owner="BuiltIn">
<msg time="2025-01-07T19:46:48.690854" level="INFO">Status Bar: Material YB0075056525 changed</msg>
<arg>Status Bar: ${statusbar['message']}</arg>
<doc>Logs the given message with the given level.</doc>
<status status="PASS" start="2025-01-07T19:46:48.690854" elapsed="0.000000"/>
</kw>
<kw name="Should Contain" owner="BuiltIn">
<arg>${statusbar['message']}</arg>
<arg>Material ${MATERIALS}[${index}] changed</arg>
<doc>Fails if ``container`` does not contain ``item`` one or more times.</doc>
<status status="PASS" start="2025-01-07T19:46:48.690854" elapsed="0.000967"/>
</kw>
<var name="${index}">0</var>
<status status="PASS" start="2025-01-07T19:46:29.792741" elapsed="18.899080"/>
</iter>
<iter>
<kw name="Update Material Description">
<kw name="Execute Transaction" owner="RoboSAPiens">
<msg time="2025-01-07T19:46:48.834351" level="INFO">The transaction with T-Code MM02 was executed.</msg>
<arg>MM02</arg>
<doc>Execute the transaction with the given T-Code.</doc>
<status status="PASS" start="2025-01-07T19:46:48.691821" elapsed="0.142530"/>
</kw>
<kw name="Fill Text Field" owner="RoboSAPiens">
<msg time="2025-01-07T19:46:48.851641" level="INFO">The text field with the locator 'Material' was filled.</msg>
<arg>Material</arg>
<arg>${Material}</arg>
<doc>Fill the text field specified by the locator with the content provided.</doc>
<status status="PASS" start="2025-01-07T19:46:48.835391" elapsed="0.016250"/>
</kw>
<kw name="Push Button" owner="RoboSAPiens">
<msg time="2025-01-07T19:46:49.154589" level="INFO">The button 'Continue' was pushed.</msg>
<arg>Continue</arg>
<doc>Push the button with the given locator.</doc>
<status status="PASS" start="2025-01-07T19:46:48.851641" elapsed="0.302948"/>
</kw>
<kw name="Push Button" owner="RoboSAPiens">
<msg time="2025-01-07T19:46:49.464863" level="INFO">The button 'Select All' was pushed.</msg>
<arg>Select All</arg>
<doc>Push the button with the given locator.</doc>
<status status="PASS" start="2025-01-07T19:46:49.154589" elapsed="0.310274"/>
</kw>
<kw name="Push Button" owner="RoboSAPiens">
<msg time="2025-01-07T19:46:49.759740" level="INFO">The button 'Continue' was pushed.</msg>
<arg>Continue</arg>
<doc>Push the button with the given locator.</doc>
<status status="PASS" start="2025-01-07T19:46:49.466374" elapsed="0.294348"/>
</kw>
<kw name="Fill Text Field" owner="RoboSAPiens">
<msg time="2025-01-07T19:46:49.904371" level="INFO">The text field with the locator 'Plant' was filled.</msg>
<arg>Plant</arg>
<arg>${Plant}</arg>
<doc>Fill the text field specified by the locator with the content provided.</doc>
<status status="PASS" start="2025-01-07T19:46:49.760722" elapsed="0.144158"/>
</kw>
<kw name="Push Button" owner="RoboSAPiens">
<msg time="2025-01-07T19:46:50.454354" level="INFO">The button 'Continue' was pushed.</msg>
<arg>Continue</arg>
<doc>Push the button with the given locator.</doc>
<status status="PASS" start="2025-01-07T19:46:49.904880" elapsed="0.549474"/>
</kw>
<kw name="Fill Text Field" owner="RoboSAPiens">
<msg time="2025-01-07T19:46:51.276437" level="INFO">The text field with the locator 'Material Description' was filled.</msg>
<arg>Material Description</arg>
<arg>${Description}</arg>
<doc>Fill the text field specified by the locator with the content provided.</doc>
<status status="PASS" start="2025-01-07T19:46:50.454354" elapsed="0.822083"/>
</kw>
<kw name="Push Button" owner="RoboSAPiens">
<msg time="2025-01-07T19:46:51.809460" level="INFO">The button 'Save' was pushed.</msg>
<arg>Save</arg>
<doc>Push the button with the given locator.</doc>
<status status="PASS" start="2025-01-07T19:46:51.276437" elapsed="0.533023"/>
</kw>
<kw name="Sleep" owner="BuiltIn">
<msg time="2025-01-07T19:46:56.809603" level="INFO">Slept 5 seconds.</msg>
<arg>5s</arg>
<doc>Pauses the test executed for the given time.</doc>
<status status="PASS" start="2025-01-07T19:46:51.809460" elapsed="5.000143"/>
</kw>
<arg>${MATERIALS}[${index}]</arg>
<arg>${PLANT}</arg>
<arg>${DESCRIPTIONS}[${index}]</arg>
<status status="PASS" start="2025-01-07T19:46:48.691821" elapsed="8.118293"/>
</kw>
<kw name="Update Material Description">
<kw name="Execute Transaction" owner="RoboSAPiens">
<msg time="2025-01-07T19:46:57.382567" level="INFO">The transaction with T-Code MM02 was executed.</msg>
<arg>MM02</arg>
<doc>Execute the transaction with the given T-Code.</doc>
<status status="PASS" start="2025-01-07T19:46:56.811126" elapsed="0.571441"/>
</kw>
<kw name="Fill Text Field" owner="RoboSAPiens">
<msg time="2025-01-07T19:46:57.405312" level="INFO">The text field with the locator 'Material' was filled.</msg>
<arg>Material</arg>
<arg>${Material}</arg>
<doc>Fill the text field specified by the locator with the content provided.</doc>
<status status="PASS" start="2025-01-07T19:46:57.382567" elapsed="0.022745"/>
</kw>
<kw name="Push Button" owner="RoboSAPiens">
<msg time="2025-01-07T19:46:57.709728" level="INFO">The button 'Continue' was pushed.</msg>
<arg>Continue</arg>
<doc>Push the button with the given locator.</doc>
<status status="PASS" start="2025-01-07T19:46:57.405312" elapsed="0.304416"/>
</kw>
<kw name="Push Button" owner="RoboSAPiens">
<msg time="2025-01-07T19:46:58.060651" level="INFO">The button 'Select All' was pushed.</msg>
<arg>Select All</arg>
<doc>Push the button with the given locator.</doc>
<status status="PASS" start="2025-01-07T19:46:57.709728" elapsed="0.350923"/>
</kw>
<kw name="Push Button" owner="RoboSAPiens">
<msg time="2025-01-07T19:46:58.345348" level="INFO">The button 'Continue' was pushed.</msg>
<arg>Continue</arg>
<doc>Push the button with the given locator.</doc>
<status status="PASS" start="2025-01-07T19:46:58.060651" elapsed="0.284697"/>
</kw>
<kw name="Fill Text Field" owner="RoboSAPiens">
<msg time="2025-01-07T19:46:58.527527" level="INFO">The text field with the locator 'Plant' was filled.</msg>
<arg>Plant</arg>
<arg>${Plant}</arg>
<doc>Fill the text field specified by the locator with the content provided.</doc>
<status status="PASS" start="2025-01-07T19:46:58.345348" elapsed="0.182179"/>
</kw>
<kw name="Push Button" owner="RoboSAPiens">
<msg time="2025-01-07T19:46:59.220722" level="INFO">The button 'Continue' was pushed.</msg>
<arg>Continue</arg>
<doc>Push the button with the given locator.</doc>
<status status="PASS" start="2025-01-07T19:46:58.527527" elapsed="0.694099"/>
</kw>
<kw name="Fill Text Field" owner="RoboSAPiens">
<msg time="2025-01-07T19:47:00.189706" level="INFO">The text field with the locator 'Material Description' was filled.</msg>
<arg>Material Description</arg>
<arg>${Description}</arg>
<doc>Fill the text field specified by the locator with the content provided.</doc>
<status status="PASS" start="2025-01-07T19:46:59.221626" elapsed="0.968080"/>
</kw>
<kw name="Push Button" owner="RoboSAPiens">
<msg time="2025-01-07T19:47:00.731830" level="INFO">The button 'Save' was pushed.</msg>
<arg>Save</arg>
<doc>Push the button with the given locator.</doc>
<status status="PASS" start="2025-01-07T19:47:00.189706" elapsed="0.542124"/>
</kw>
<kw name="Sleep" owner="BuiltIn">
<msg time="2025-01-07T19:47:05.733049" level="INFO">Slept 5 seconds.</msg>
<arg>5s</arg>
<doc>Pauses the test executed for the given time.</doc>
<status status="PASS" start="2025-01-07T19:47:00.732828" elapsed="5.000221"/>
</kw>
<arg>${MATERIALS}[${index}]</arg>
<arg>${PLANT}</arg>
<arg>${ACTUAL_DESCRIPTIONS}[${index}]</arg>
<status status="PASS" start="2025-01-07T19:46:56.810114" elapsed="8.922935"/>
</kw>
<kw name="Read Statusbar" owner="RoboSAPiens">
<msg time="2025-01-07T19:47:06.164326" level="INFO">The statusbar was read.</msg>
<msg time="2025-01-07T19:47:06.164326" level="INFO">${statusbar} = {'status': 'Success', 'message': 'Material YB00755040 changed'}</msg>
<var>${statusbar}</var>
<doc>Read the contents of the statusbar. The return value is a dictionary with the entries 'status' and 'message'.</doc>
<status status="PASS" start="2025-01-07T19:47:05.733049" elapsed="0.431277"/>
</kw>
<kw name="Log" owner="BuiltIn">
<msg time="2025-01-07T19:47:06.164326" level="INFO">Status Bar: Material YB00755040 changed</msg>
<arg>Status Bar: ${statusbar['message']}</arg>
<doc>Logs the given message with the given level.</doc>
<status status="PASS" start="2025-01-07T19:47:06.164326" elapsed="0.001008"/>
</kw>
<kw name="Should Contain" owner="BuiltIn">
<arg>${statusbar['message']}</arg>
<arg>Material ${MATERIALS}[${index}] changed</arg>
<doc>Fails if ``container`` does not contain ``item`` one or more times.</doc>
<status status="PASS" start="2025-01-07T19:47:06.165334" elapsed="0.000000"/>
</kw>
<var name="${index}">1</var>
<status status="PASS" start="2025-01-07T19:46:48.691821" elapsed="17.473513"/>
</iter>
<iter>
<kw name="Update Material Description">
<kw name="Execute Transaction" owner="RoboSAPiens">
<msg time="2025-01-07T19:47:06.330770" level="INFO">The transaction with T-Code MM02 was executed.</msg>
<arg>MM02</arg>
<doc>Execute the transaction with the given T-Code.</doc>
<status status="PASS" start="2025-01-07T19:47:06.166842" elapsed="0.163928"/>
</kw>
<kw name="Fill Text Field" owner="RoboSAPiens">
<msg time="2025-01-07T19:47:06.348674" level="INFO">The text field with the locator 'Material' was filled.</msg>
<arg>Material</arg>
<arg>${Material}</arg>
<doc>Fill the text field specified by the locator with the content provided.</doc>
<status status="PASS" start="2025-01-07T19:47:06.330770" elapsed="0.017904"/>
</kw>
<kw name="Push Button" owner="RoboSAPiens">
<msg time="2025-01-07T19:47:06.657312" level="INFO">The button 'Continue' was pushed.</msg>
<arg>Continue</arg>
<doc>Push the button with the given locator.</doc>
<status status="PASS" start="2025-01-07T19:47:06.348674" elapsed="0.308638"/>
</kw>
<kw name="Push Button" owner="RoboSAPiens">
<msg time="2025-01-07T19:47:06.995139" level="INFO">The button 'Select All' was pushed.</msg>
<arg>Select All</arg>
<doc>Push the button with the given locator.</doc>
<status status="PASS" start="2025-01-07T19:47:06.657312" elapsed="0.337827"/>
</kw>
<kw name="Push Button" owner="RoboSAPiens">
<msg time="2025-01-07T19:47:07.253014" level="INFO">The button 'Continue' was pushed.</msg>
<arg>Continue</arg>
<doc>Push the button with the given locator.</doc>
<status status="PASS" start="2025-01-07T19:47:06.995139" elapsed="0.257875"/>
</kw>
<kw name="Fill Text Field" owner="RoboSAPiens">
<msg time="2025-01-07T19:47:07.414228" level="INFO">The text field with the locator 'Plant' was filled.</msg>
<arg>Plant</arg>
<arg>${Plant}</arg>
<doc>Fill the text field specified by the locator with the content provided.</doc>
<status status="PASS" start="2025-01-07T19:47:07.253014" elapsed="0.161214"/>
</kw>
<kw name="Push Button" owner="RoboSAPiens">
<msg time="2025-01-07T19:47:18.852050" level="FAIL">The button could not be pushed. Le serveur a généré une exception. (0x80010105 (RPC_E_SERVERFAULT))
For more details run 'robot --loglevel DEBUG test.robot' and consult the file log.html</msg>
<arg>Continue</arg>
<doc>Push the button with the given locator.</doc>
<status status="FAIL" start="2025-01-07T19:47:07.414228" elapsed="11.438818">The button could not be pushed. Le serveur a généré une exception. (0x80010105 (RPC_E_SERVERFAULT))
For more details run 'robot --loglevel DEBUG test.robot' and consult the file log.html</status>
</kw>
<kw name="Fill Text Field" owner="RoboSAPiens">
<arg>Material Description</arg>
<arg>${Description}</arg>
<doc>Fill the text field specified by the locator with the content provided.</doc>
<status status="NOT RUN" start="2025-01-07T19:47:18.853046" elapsed="0.000000"/>
</kw>
<kw name="Push Button" owner="RoboSAPiens">
<arg>Save</arg>
<doc>Push the button with the given locator.</doc>
<status status="NOT RUN" start="2025-01-07T19:47:18.853046" elapsed="0.000000"/>
</kw>
<kw name="Sleep" owner="BuiltIn">
<arg>5s</arg>
<doc>Pauses the test executed for the given time.</doc>
<status status="NOT RUN" start="2025-01-07T19:47:18.853046" elapsed="0.000000"/>
</kw>
<arg>${MATERIALS}[${index}]</arg>
<arg>${PLANT}</arg>
<arg>${DESCRIPTIONS}[${index}]</arg>
<status status="FAIL" start="2025-01-07T19:47:06.165334" elapsed="12.687712">The button could not be pushed. Le serveur a généré une exception. (0x80010105 (RPC_E_SERVERFAULT))
For more details run 'robot --loglevel DEBUG test.robot' and consult the file log.html</status>
</kw>
<kw name="Update Material Description">
<arg>${MATERIALS}[${index}]</arg>
<arg>${PLANT}</arg>
<arg>${ACTUAL_DESCRIPTIONS}[${index}]</arg>
<status status="NOT RUN" start="2025-01-07T19:47:18.853046" elapsed="0.000000"/>
</kw>
<kw name="Read Statusbar" owner="RoboSAPiens">
<var>${statusbar}</var>
<doc>Read the contents of the statusbar. The return value is a dictionary with the entries 'status' and 'message'.</doc>
<status status="NOT RUN" start="2025-01-07T19:47:18.853046" elapsed="0.000000"/>
</kw>
<kw name="Log" owner="BuiltIn">
<arg>Status Bar: ${statusbar['message']}</arg>
<doc>Logs the given message with the given level.</doc>
<status status="NOT RUN" start="2025-01-07T19:47:18.853046" elapsed="0.000000"/>
</kw>
<kw name="Should Contain" owner="BuiltIn">
<arg>${statusbar['message']}</arg>
<arg>Material ${MATERIALS}[${index}] changed</arg>
<doc>Fails if ``container`` does not contain ``item`` one or more times.</doc>
<status status="NOT RUN" start="2025-01-07T19:47:18.853046" elapsed="0.000000"/>
</kw>
<var name="${index}">2</var>
<status status="FAIL" start="2025-01-07T19:47:06.165334" elapsed="12.687712">The button could not be pushed. Le serveur a généré une exception. (0x80010105 (RPC_E_SERVERFAULT))
For more details run 'robot --loglevel DEBUG test.robot' and consult the file log.html</status>
</iter>
<var>${index}</var>
<value>${count}</value>
<status status="FAIL" start="2025-01-07T19:46:29.792741" elapsed="49.060305">The button could not be pushed. Le serveur a généré une exception. (0x80010105 (RPC_E_SERVERFAULT))
For more details run 'robot --loglevel DEBUG test.robot' and consult the file log.html</status>
</for>
<kw name="Sleep" owner="BuiltIn">
<arg>5s</arg>
<doc>Pauses the test executed for the given time.</doc>
<status status="NOT RUN" start="2025-01-07T19:47:18.853046" elapsed="0.000000"/>
</kw>
<kw name="Push Button" owner="RoboSAPiens">
<arg>Back</arg>
<doc>Push the button with the given locator.</doc>
<status status="NOT RUN" start="2025-01-07T19:47:18.854554" elapsed="0.000000"/>
</kw>
<status status="FAIL" start="2025-01-07T19:46:26.646628" elapsed="52.207926">The button could not be pushed. Le serveur a généré une exception. (0x80010105 (RPC_E_SERVERFAULT))
For more details run 'robot --loglevel DEBUG test.robot' and consult the file log.html</status>
</test>
<doc>Updates the material description for a given material and plant in SAP GUI.</doc>
<status status="FAIL" start="2025-01-07T19:46:26.237997" elapsed="52.616557"/>
</suite>
<statistics>
<total>
<stat pass="0" fail="1" skip="0">All Tests</stat>
</total>
<tag>
</tag>
<suite>
<stat pass="0" fail="1" skip="0" id="s1" name="MD PP 0028">MD PP 0028</stat>
</suite>
</statistics>
<errors>
</errors>
</robot>
